<?xml version="1.0" encoding="UTF-8"?>
<robot generator="Robot 7.4.2 (Python 3.9.6 on darwin)" generated="2026-06-04T08:33:51.517277" rpa="false" schemaversion="5">
<suite id="s1" name="Techshop" source="/Users/mac/techshop-api-tests/techshop.robot">
<kw name="Create TechShop Session" owner="techshop_keywords" type="SETUP">
<kw name="Create Session" owner="RequestsLibrary">
<msg time="2026-06-04T08:33:51.595660" level="INFO">Creating Session using : alias=techshop, url=http://localhost:3000, headers={},                     cookies={}, auth=None, timeout=None, proxies=None, verify=True,                     debug=0 </msg>
<arg>techshop</arg>
<arg>${BASE_URL}</arg>
<arg>verify=true</arg>
<doc>Create Session: create a HTTP session to a server</doc>
<status status="PASS" start="2026-06-04T08:33:51.595511" elapsed="0.000251"/>
</kw>
<doc>Opens a named HTTP session against BASE_URL. Called by Suite Setup.</doc>
<status status="PASS" start="2026-06-04T08:33:51.595159" elapsed="0.000651"/>
</kw>
<test id="s1-t1" name="Login With Valid Credentials Returns Token" line="14">
<kw name="Create Dictionary" owner="BuiltIn">
<msg time="2026-06-04T08:33:51.596326" level="INFO">${body} = {'email': 'demo@techshop.com', 'password': 'password123'}</msg>
<var>${body}</var>
<arg>email=${EMAIL}</arg>
<arg>password=${PASSWORD}</arg>
<doc>Creates and returns a dictionary based on the given ``items``.</doc>
<status status="PASS" start="2026-06-04T08:33:51.596057" elapsed="0.000285"/>
</kw>
<kw name="POST On Session" owner="RequestsLibrary">
<msg time="2026-06-04T08:33:51.602470" level="INFO">POST Request : url=http://localhost:3000/auth/login 
 path_url=/auth/login 
 headers={'User-Agent': 'python-requests/2.32.5', 'Accept-Encoding': 'gzip, deflate', 'Accept': '*/*', 'Connection': 'keep-alive', 'Content-Length': '57', 'Content-Type': 'application/json'} 
 body=b'{"email": "demo@techshop.com", "password": "password123"}' 
 </msg>
<msg time="2026-06-04T08:33:51.602524" level="INFO">POST Response : url=http://localhost:3000/auth/login 
 status=200, reason=OK 
 headers={'X-Powered-By': 'Express', 'Access-Control-Allow-Origin': '*', 'Content-Type': 'application/json; charset=utf-8', 'Content-Length': '275', 'ETag': 'W/"113-lbM8zXyFBbtH10wEE4RTxAY+eaY"', 'Date': 'Thu, 04 Jun 2026 06:33:51 GMT', 'Connection': 'keep-alive', 'Keep-Alive': 'timeout=5'} 
 body={"token":"eyJhbGciOiJIUzI1NiIsInR5cCI6IkpXVCJ9.eyJpZCI6MSwiZW1haWwiOiJkZW1vQHRlY2hzaG9wLmNvbSIsIm5hbWUiOiJEZW1vIFVzZXIiLCJpYXQiOjE3ODA1NTQ4MzEsImV4cCI6MTc4MDU1ODQzMX0.Txd_esoTneXBm2K3sv6_eCpYBuJ_c8uBRKru_gto4vg","user":{"id":1,"email":"demo@techshop.com","name":"Demo User"}} 
 </msg>
<msg time="2026-06-04T08:33:51.602591" level="INFO">${response} = &lt;Response [200]&gt;</msg>
<var>${response}</var>
<arg>techshop</arg>
<arg>/auth/login</arg>
<arg>json=${body}</arg>
<doc>Sends a POST request on a previously created HTTP Session.</doc>
<status status="PASS" start="2026-06-04T08:33:51.596406" elapsed="0.006199"/>
</kw>
<kw name="Status Should Be" owner="RequestsLibrary">
<arg>200</arg>
<arg>${response}</arg>
<doc>Fails if response status code is different than the expected.</doc>
<status status="PASS" start="2026-06-04T08:33:51.602693" elapsed="0.000121"/>
</kw>
<kw name="Set Variable" owner="BuiltIn">
<msg time="2026-06-04T08:33:51.603227" level="INFO">${json} = {'token': 'eyJhbGciOiJIUzI1NiIsInR5cCI6IkpXVCJ9.eyJpZCI6MSwiZW1haWwiOiJkZW1vQHRlY2hzaG9wLmNvbSIsIm5hbWUiOiJEZW1vIFVzZXIiLCJpYXQiOjE3ODA1NTQ4MzEsImV4cCI6MTc4MDU1ODQzMX0.Txd_esoTneXBm2K3sv6_eCpYBuJ_c8uB...</msg>
<var>${json}</var>
<arg>${response.json()}</arg>
<doc>Returns the given values which can then be assigned to a variables.</doc>
<status status="PASS" start="2026-06-04T08:33:51.602876" elapsed="0.000367"/>
</kw>
<kw name="Dictionary Should Contain Key" owner="Collections">
<arg>${json}</arg>
<arg>token</arg>
<doc>Fails if ``key`` is not found from ``dictionary``.</doc>
<status status="PASS" start="2026-06-04T08:33:51.603302" elapsed="0.000098"/>
</kw>
<kw name="Dictionary Should Contain Key" owner="Collections">
<arg>${json}</arg>
<arg>user</arg>
<doc>Fails if ``key`` is not found from ``dictionary``.</doc>
<status status="PASS" start="2026-06-04T08:33:51.603455" elapsed="0.000080"/>
</kw>
<kw name="Get From Dictionary" owner="Collections">
<msg time="2026-06-04T08:33:51.603693" level="INFO">${user} = {'id': 1, 'email': 'demo@techshop.com', 'name': 'Demo User'}</msg>
<var>${user}</var>
<arg>${json}</arg>
<arg>user</arg>
<doc>Returns a value from the given ``dictionary`` based on the given ``key``.</doc>
<status status="PASS" start="2026-06-04T08:33:51.603601" elapsed="0.000106"/>
</kw>
<kw name="Dictionary Should Contain Key" owner="Collections">
<arg>${user}</arg>
<arg>id</arg>
<doc>Fails if ``key`` is not found from ``dictionary``.</doc>
<status status="PASS" start="2026-06-04T08:33:51.603761" elapsed="0.000077"/>
</kw>
<kw name="Dictionary Should Contain Key" owner="Collections">
<arg>${user}</arg>
<arg>email</arg>
<doc>Fails if ``key`` is not found from ``dictionary``.</doc>
<status status="PASS" start="2026-06-04T08:33:51.603894" elapsed="0.000076"/>
</kw>
<kw name="Dictionary Should Contain Key" owner="Collections">
<arg>${user}</arg>
<arg>name</arg>
<doc>Fails if ``key`` is not found from ``dictionary``.</doc>
<status status="PASS" start="2026-06-04T08:33:51.604022" elapsed="0.000074"/>
</kw>
<tag>auth</tag>
<tag>happy-path</tag>
<status status="PASS" start="2026-06-04T08:33:51.595846" elapsed="0.008313"/>
</test>
<test id="s1-t2" name="Login With Wrong Password Returns 401" line="27">
<kw name="Create Dictionary" owner="BuiltIn">
<msg time="2026-06-04T08:33:51.604676" level="INFO">${body} = {'email': 'demo@techshop.com', 'password': 'wrong_password_xyz'}</msg>
<var>${body}</var>
<arg>email=${EMAIL}</arg>
<arg>password=wrong_password_xyz</arg>
<doc>Creates and returns a dictionary based on the given ``items``.</doc>
<status status="PASS" start="2026-06-04T08:33:51.604484" elapsed="0.000206"/>
</kw>
<kw name="POST On Session" owner="RequestsLibrary">
<msg time="2026-06-04T08:33:51.606222" level="INFO">POST Request : url=http://localhost:3000/auth/login 
 path_url=/auth/login 
 headers={'User-Agent': 'python-requests/2.32.5', 'Accept-Encoding': 'gzip, deflate', 'Accept': '*/*', 'Connection': 'keep-alive', 'Content-Length': '64', 'Content-Type': 'application/json'} 
 body=b'{"email": "demo@techshop.com", "password": "wrong_password_xyz"}' 
 </msg>
<msg time="2026-06-04T08:33:51.606255" level="INFO">POST Response : url=http://localhost:3000/auth/login 
 status=401, reason=Unauthorized 
 headers={'X-Powered-By': 'Express', 'Access-Control-Allow-Origin': '*', 'Content-Type': 'application/json; charset=utf-8', 'Content-Length': '31', 'ETag': 'W/"1f-mRYQ6Yx/raK/ssDeWseqQCiH0yM"', 'Date': 'Thu, 04 Jun 2026 06:33:51 GMT', 'Connection': 'keep-alive', 'Keep-Alive': 'timeout=5'} 
 body={"error":"Invalid credentials"} 
 </msg>
<msg time="2026-06-04T08:33:51.606311" level="INFO">${response} = &lt;Response [401]&gt;</msg>
<var>${response}</var>
<arg>techshop</arg>
<arg>/auth/login</arg>
<arg>json=${body}</arg>
<arg>expected_status=any</arg>
<doc>Sends a POST request on a previously created HTTP Session.</doc>
<status status="PASS" start="2026-06-04T08:33:51.604747" elapsed="0.001578"/>
</kw>
<kw name="Status Should Be" owner="RequestsLibrary">
<arg>401</arg>
<arg>${response}</arg>
<doc>Fails if response status code is different than the expected.</doc>
<status status="PASS" start="2026-06-04T08:33:51.606406" elapsed="0.000109"/>
</kw>
<tag>auth</tag>
<tag>negative</tag>
<status status="PASS" start="2026-06-04T08:33:51.604276" elapsed="0.002304"/>
</test>
<test id="s1-t3" name="Login With Missing Email Returns 400" line="34">
<kw name="Create Dictionary" owner="BuiltIn">
<msg time="2026-06-04T08:33:51.607111" level="INFO">${body} = {'password': 'password123'}</msg>
<var>${body}</var>
<arg>password=${PASSWORD}</arg>
<doc>Creates and returns a dictionary based on the given ``items``.</doc>
<status status="PASS" start="2026-06-04T08:33:51.606898" elapsed="0.000228"/>
</kw>
<kw name="POST On Session" owner="RequestsLibrary">
<msg time="2026-06-04T08:33:51.608369" level="INFO">POST Request : url=http://localhost:3000/auth/login 
 path_url=/auth/login 
 headers={'User-Agent': 'python-requests/2.32.5', 'Accept-Encoding': 'gzip, deflate', 'Accept': '*/*', 'Connection': 'keep-alive', 'Content-Length': '27', 'Content-Type': 'application/json'} 
 body=b'{"password": "password123"}' 
 </msg>
<msg time="2026-06-04T08:33:51.608468" level="INFO">POST Response : url=http://localhost:3000/auth/login 
 status=400, reason=Bad Request 
 headers={'X-Powered-By': 'Express', 'Access-Control-Allow-Origin': '*', 'Content-Type': 'application/json; charset=utf-8', 'Content-Length': '43', 'ETag': 'W/"2b-C6e/EBdR6LXyNK5A/isCT2gR1vI"', 'Date': 'Thu, 04 Jun 2026 06:33:51 GMT', 'Connection': 'keep-alive', 'Keep-Alive': 'timeout=5'} 
 body={"error":"Email and password are required"} 
 </msg>
<msg time="2026-06-04T08:33:51.608522" level="INFO">${response} = &lt;Response [400]&gt;</msg>
<var>${response}</var>
<arg>techshop</arg>
<arg>/auth/login</arg>
<arg>json=${body}</arg>
<arg>expected_status=any</arg>
<doc>Sends a POST request on a previously created HTTP Session.</doc>
<status status="PASS" start="2026-06-04T08:33:51.607183" elapsed="0.001353"/>
</kw>
<kw name="Status Should Be" owner="RequestsLibrary">
<arg>400</arg>
<arg>${response}</arg>
<doc>Fails if response status code is different than the expected.</doc>
<status status="PASS" start="2026-06-04T08:33:51.608604" elapsed="0.000094"/>
</kw>
<tag>auth</tag>
<tag>negative</tag>
<status status="PASS" start="2026-06-04T08:33:51.606689" elapsed="0.002066"/>
</test>
<test id="s1-t4" name="Login With Missing Password Returns 400" line="41">
<kw name="Create Dictionary" owner="BuiltIn">
<msg time="2026-06-04T08:33:51.609236" level="INFO">${body} = {'email': 'demo@techshop.com'}</msg>
<var>${body}</var>
<arg>email=${EMAIL}</arg>
<doc>Creates and returns a dictionary based on the given ``items``.</doc>
<status status="PASS" start="2026-06-04T08:33:51.609052" elapsed="0.000198"/>
</kw>
<kw name="POST On Session" owner="RequestsLibrary">
<msg time="2026-06-04T08:33:51.610347" level="INFO">POST Request : url=http://localhost:3000/auth/login 
 path_url=/auth/login 
 headers={'User-Agent': 'python-requests/2.32.5', 'Accept-Encoding': 'gzip, deflate', 'Accept': '*/*', 'Connection': 'keep-alive', 'Content-Length': '30', 'Content-Type': 'application/json'} 
 body=b'{"email": "demo@techshop.com"}' 
 </msg>
<msg time="2026-06-04T08:33:51.610377" level="INFO">POST Response : url=http://localhost:3000/auth/login 
 status=400, reason=Bad Request 
 headers={'X-Powered-By': 'Express', 'Access-Control-Allow-Origin': '*', 'Content-Type': 'application/json; charset=utf-8', 'Content-Length': '43', 'ETag': 'W/"2b-C6e/EBdR6LXyNK5A/isCT2gR1vI"', 'Date': 'Thu, 04 Jun 2026 06:33:51 GMT', 'Connection': 'keep-alive', 'Keep-Alive': 'timeout=5'} 
 body={"error":"Email and password are required"} 
 </msg>
<msg time="2026-06-04T08:33:51.610426" level="INFO">${response} = &lt;Response [400]&gt;</msg>
<var>${response}</var>
<arg>techshop</arg>
<arg>/auth/login</arg>
<arg>json=${body}</arg>
<arg>expected_status=any</arg>
<doc>Sends a POST request on a previously created HTTP Session.</doc>
<status status="PASS" start="2026-06-04T08:33:51.609307" elapsed="0.001132"/>
</kw>
<kw name="Status Should Be" owner="RequestsLibrary">
<arg>400</arg>
<arg>${response}</arg>
<doc>Fails if response status code is different than the expected.</doc>
<status status="PASS" start="2026-06-04T08:33:51.610505" elapsed="0.000089"/>
</kw>
<tag>auth</tag>
<tag>negative</tag>
<status status="PASS" start="2026-06-04T08:33:51.608866" elapsed="0.001784"/>
</test>
<test id="s1-t5" name="Login With Empty Body Returns 400" line="48">
<kw name="Create Dictionary" owner="BuiltIn">
<msg time="2026-06-04T08:33:51.611071" level="INFO">${body} = {}</msg>
<var>${body}</var>
<doc>Creates and returns a dictionary based on the given ``items``.</doc>
<status status="PASS" start="2026-06-04T08:33:51.610941" elapsed="0.000144"/>
</kw>
<kw name="POST On Session" owner="RequestsLibrary">
<msg time="2026-06-04T08:33:51.612342" level="INFO">POST Request : url=http://localhost:3000/auth/login 
 path_url=/auth/login 
 headers={'User-Agent': 'python-requests/2.32.5', 'Accept-Encoding': 'gzip, deflate', 'Accept': '*/*', 'Connection': 'keep-alive', 'Content-Length': '2', 'Content-Type': 'application/json'} 
 body=b'{}' 
 </msg>
<msg time="2026-06-04T08:33:51.612377" level="INFO">POST Response : url=http://localhost:3000/auth/login 
 status=400, reason=Bad Request 
 headers={'X-Powered-By': 'Express', 'Access-Control-Allow-Origin': '*', 'Content-Type': 'application/json; charset=utf-8', 'Content-Length': '43', 'ETag': 'W/"2b-C6e/EBdR6LXyNK5A/isCT2gR1vI"', 'Date': 'Thu, 04 Jun 2026 06:33:51 GMT', 'Connection': 'keep-alive', 'Keep-Alive': 'timeout=5'} 
 body={"error":"Email and password are required"} 
 </msg>
<msg time="2026-06-04T08:33:51.612431" level="INFO">${response} = &lt;Response [400]&gt;</msg>
<var>${response}</var>
<arg>techshop</arg>
<arg>/auth/login</arg>
<arg>json=${body}</arg>
<arg>expected_status=any</arg>
<doc>Sends a POST request on a previously created HTTP Session.</doc>
<status status="PASS" start="2026-06-04T08:33:51.611140" elapsed="0.001305"/>
</kw>
<kw name="Status Should Be" owner="RequestsLibrary">
<arg>400</arg>
<arg>${response}</arg>
<doc>Fails if response status code is different than the expected.</doc>
<status status="PASS" start="2026-06-04T08:33:51.612518" elapsed="0.000099"/>
</kw>
<tag>auth</tag>
<tag>negative</tag>
<status status="PASS" start="2026-06-04T08:33:51.610761" elapsed="0.001914"/>
</test>
<test id="s1-t6" name="Login With Unknown User Returns 401" line="55">
<kw name="Create Dictionary" owner="BuiltIn">
<msg time="2026-06-04T08:33:51.613155" level="INFO">${body} = {'email': 'nobody@unknown.example', 'password': 'irrelevant'}</msg>
<var>${body}</var>
<arg>email=nobody@unknown.example</arg>
<arg>password=irrelevant</arg>
<doc>Creates and returns a dictionary based on the given ``items``.</doc>
<status status="PASS" start="2026-06-04T08:33:51.612986" elapsed="0.000184"/>
</kw>
<kw name="POST On Session" owner="RequestsLibrary">
<msg time="2026-06-04T08:33:51.614332" level="INFO">POST Request : url=http://localhost:3000/auth/login 
 path_url=/auth/login 
 headers={'User-Agent': 'python-requests/2.32.5', 'Accept-Encoding': 'gzip, deflate', 'Accept': '*/*', 'Connection': 'keep-alive', 'Content-Length': '61', 'Content-Type': 'application/json'} 
 body=b'{"email": "nobody@unknown.example", "password": "irrelevant"}' 
 </msg>
<msg time="2026-06-04T08:33:51.614363" level="INFO">POST Response : url=http://localhost:3000/auth/login 
 status=401, reason=Unauthorized 
 headers={'X-Powered-By': 'Express', 'Access-Control-Allow-Origin': '*', 'Content-Type': 'application/json; charset=utf-8', 'Content-Length': '31', 'ETag': 'W/"1f-mRYQ6Yx/raK/ssDeWseqQCiH0yM"', 'Date': 'Thu, 04 Jun 2026 06:33:51 GMT', 'Connection': 'keep-alive', 'Keep-Alive': 'timeout=5'} 
 body={"error":"Invalid credentials"} 
 </msg>
<msg time="2026-06-04T08:33:51.614413" level="INFO">${response} = &lt;Response [401]&gt;</msg>
<var>${response}</var>
<arg>techshop</arg>
<arg>/auth/login</arg>
<arg>json=${body}</arg>
<arg>expected_status=any</arg>
<doc>Sends a POST request on a previously created HTTP Session.</doc>
<status status="PASS" start="2026-06-04T08:33:51.613231" elapsed="0.001195"/>
</kw>
<kw name="Status Should Be" owner="RequestsLibrary">
<arg>401</arg>
<arg>${response}</arg>
<doc>Fails if response status code is different than the expected.</doc>
<status status="PASS" start="2026-06-04T08:33:51.614493" elapsed="0.000092"/>
</kw>
<tag>auth</tag>
<tag>negative</tag>
<status status="PASS" start="2026-06-04T08:33:51.612791" elapsed="0.001850"/>
</test>
<test id="s1-t7" name="Get All Products Returns 200 With Product Array" line="67">
<kw name="GET On Session" owner="RequestsLibrary">
<msg time="2026-06-04T08:33:51.616000" level="INFO">GET Request : url=http://localhost:3000/products 
 path_url=/products 
 headers={'User-Agent': 'python-requests/2.32.5', 'Accept-Encoding': 'gzip, deflate', 'Accept': '*/*', 'Connection': 'keep-alive'} 
 body=None 
 </msg>
<msg time="2026-06-04T08:33:51.616068" level="INFO">GET Response : url=http://localhost:3000/products 
 status=200, reason=OK 
 headers={'X-Powered-By': 'Express', 'Access-Control-Allow-Origin': '*', 'Content-Type': 'application/json; charset=utf-8', 'Content-Length': '1221', 'ETag': 'W/"4c5-epMM57BJpM95sFtCzKma67a/hzs"', 'Date': 'Thu, 04 Jun 2026 06:33:51 GMT', 'Connection': 'keep-alive', 'Keep-Alive': 'timeout=5'} 
 body=[{"id":1,"name":"Laptop Pro 15\"","description":"High-performance laptop with 15-inch display, 16GB RAM, 512GB SSD","price":1299.99,"category":"computers","stock":10,"image":"laptop-pro.jpg","inStock":true},{"id":2,"name":"Wireless Headphones","description":"Noise-cancelling over-ear headphones with 30-hour battery life","price":89.99,"category":"audio","stock":25,"image":"headphones.jpg","inStock":true},{"id":3,"name":"USB-C Hub 7-in-1","description":"Expand your ports: HDMI, USB-A x3, SD card, microSD, USB-C PD","price":49.99,"category":"accessories","stock":50,"image":"usb-hub.jpg","inStock":true},{"id":4,"name":"Mechanical Keyboard","description":"Tenkeyless mechanical keyboard with Cherry MX Brown switches, RGB backlight","price":159.99,"category":"peripherals","stock":15,"image":"keyboard.jpg","inStock":true},{"id":5,"name":"4K Webcam","description":"Ultra HD webcam with autofocus, built-in mic, plug-and-play USB-C","price":129.99,"category":"peripherals","stock":8,"image":"webcam.jpg","inStock":true},{"id":6,"name":"Mouse Pad XL","description":"Extra-large desk mat, 900x400mm, non-slip base, stitched edges","price":29.99,"category":"accessories","stock":0,"image":"mousepad.jpg","inStock":false}] 
 </msg>
<msg time="2026-06-04T08:33:51.616129" level="INFO">${response} = &lt;Response [200]&gt;</msg>
<var>${response}</var>
<arg>techshop</arg>
<arg>/products</arg>
<doc>Sends a GET request on a previously created HTTP Session.</doc>
<status status="PASS" start="2026-06-04T08:33:51.614953" elapsed="0.001189"/>
</kw>
<kw name="Status Should Be" owner="RequestsLibrary">
<arg>200</arg>
<arg>${response}</arg>
<doc>Fails if response status code is different than the expected.</doc>
<status status="PASS" start="2026-06-04T08:33:51.616203" elapsed="0.000090"/>
</kw>
<kw name="Set Variable" owner="BuiltIn">
<msg time="2026-06-04T08:33:51.616681" level="INFO">${products} = [{'id': 1, 'name': 'Laptop Pro 15"', 'description': 'High-performance laptop with 15-inch display, 16GB RAM, 512GB SSD', 'price': 1299.99, 'category': 'computers', 'stock': 10, 'image': 'laptop-pro.jp...</msg>
<var>${products}</var>
<arg>${response.json()}</arg>
<doc>Returns the given values which can then be assigned to a variables.</doc>
<status status="PASS" start="2026-06-04T08:33:51.616349" elapsed="0.000347"/>
</kw>
<kw name="Should Not Be Empty" owner="BuiltIn">
<msg time="2026-06-04T08:33:51.616934" level="INFO">Length is 6.</msg>
<arg>${products}</arg>
<doc>Verifies that the given item is not empty.</doc>
<status status="PASS" start="2026-06-04T08:33:51.616751" elapsed="0.000207"/>
</kw>
<kw name="Get From List" owner="Collections">
<msg time="2026-06-04T08:33:51.617118" level="INFO">${first} = {'id': 1, 'name': 'Laptop Pro 15"', 'description': 'High-performance laptop with 15-inch display, 16GB RAM, 512GB SSD', 'price': 1299.99, 'category': 'computers', 'stock': 10, 'image': 'laptop-pro.jpg...</msg>
<var>${first}</var>
<arg>${products}</arg>
<arg>0</arg>
<doc>Returns the value specified with an ``index`` from ``list``.</doc>
<status status="PASS" start="2026-06-04T08:33:51.617015" elapsed="0.000117"/>
</kw>
<kw name="Dictionary Should Contain Key" owner="Collections">
<arg>${first}</arg>
<arg>id</arg>
<doc>Fails if ``key`` is not found from ``dictionary``.</doc>
<status status="PASS" start="2026-06-04T08:33:51.617188" elapsed="0.000082"/>
</kw>
<kw name="Dictionary Should Contain Key" owner="Collections">
<arg>${first}</arg>
<arg>name</arg>
<doc>Fails if ``key`` is not found from ``dictionary``.</doc>
<status status="PASS" start="2026-06-04T08:33:51.617323" elapsed="0.000090"/>
</kw>
<kw name="Dictionary Should Contain Key" owner="Collections">
<arg>${first}</arg>
<arg>price</arg>
<doc>Fails if ``key`` is not found from ``dictionary``.</doc>
<status status="PASS" start="2026-06-04T08:33:51.617475" elapsed="0.000077"/>
</kw>
<kw name="Dictionary Should Contain Key" owner="Collections">
<arg>${first}</arg>
<arg>category</arg>
<doc>Fails if ``key`` is not found from ``dictionary``.</doc>
<status status="PASS" start="2026-06-04T08:33:51.617604" elapsed="0.000097"/>
</kw>
<kw name="Dictionary Should Contain Key" owner="Collections">
<arg>${first}</arg>
<arg>stock</arg>
<doc>Fails if ``key`` is not found from ``dictionary``.</doc>
<status status="PASS" start="2026-06-04T08:33:51.617755" elapsed="0.000076"/>
</kw>
<kw name="Dictionary Should Contain Key" owner="Collections">
<arg>${first}</arg>
<arg>inStock</arg>
<doc>Fails if ``key`` is not found from ``dictionary``.</doc>
<status status="PASS" start="2026-06-04T08:33:51.617881" elapsed="0.000074"/>
</kw>
<tag>happy-path</tag>
<tag>products</tag>
<status status="PASS" start="2026-06-04T08:33:51.614752" elapsed="0.003259"/>
</test>
<test id="s1-t8" name="Get Products Filtered By Valid Category Returns 200" line="81">
<kw name="Create Dictionary" owner="BuiltIn">
<msg time="2026-06-04T08:33:51.618491" level="INFO">${params} = {'category': 'computers'}</msg>
<var>${params}</var>
<arg>category=computers</arg>
<doc>Creates and returns a dictionary based on the given ``items``.</doc>
<status status="PASS" start="2026-06-04T08:33:51.618347" elapsed="0.000158"/>
</kw>
<kw name="GET On Session" owner="RequestsLibrary">
<msg time="2026-06-04T08:33:51.619582" level="INFO">GET Request : url=http://localhost:3000/products?category=computers 
 path_url=/products?category=computers 
 headers={'User-Agent': 'python-requests/2.32.5', 'Accept-Encoding': 'gzip, deflate', 'Accept': '*/*', 'Connection': 'keep-alive'} 
 body=None 
 </msg>
<msg time="2026-06-04T08:33:51.619613" level="INFO">GET Response : url=http://localhost:3000/products?category=computers 
 status=200, reason=OK 
 headers={'X-Powered-By': 'Express', 'Access-Control-Allow-Origin': '*', 'Content-Type': 'application/json; charset=utf-8', 'Content-Length': '207', 'ETag': 'W/"cf-n0CNOx5MDQ3Y9YLttAixiZgpkFM"', 'Date': 'Thu, 04 Jun 2026 06:33:51 GMT', 'Connection': 'keep-alive', 'Keep-Alive': 'timeout=5'} 
 body=[{"id":1,"name":"Laptop Pro 15\"","description":"High-performance laptop with 15-inch display, 16GB RAM, 512GB SSD","price":1299.99,"category":"computers","stock":10,"image":"laptop-pro.jpg","inStock":true}] 
 </msg>
<msg time="2026-06-04T08:33:51.619663" level="INFO">${response} = &lt;Response [200]&gt;</msg>
<var>${response}</var>
<arg>techshop</arg>
<arg>/products</arg>
<arg>params=${params}</arg>
<doc>Sends a GET request on a previously created HTTP Session.</doc>
<status status="PASS" start="2026-06-04T08:33:51.618560" elapsed="0.001116"/>
</kw>
<kw name="Status Should Be" owner="RequestsLibrary">
<arg>200</arg>
<arg>${response}</arg>
<doc>Fails if response status code is different than the expected.</doc>
<status status="PASS" start="2026-06-04T08:33:51.619740" elapsed="0.000091"/>
</kw>
<kw name="Set Variable" owner="BuiltIn">
<msg time="2026-06-04T08:33:51.620203" level="INFO">${products} = [{'id': 1, 'name': 'Laptop Pro 15"', 'description': 'High-performance laptop with 15-inch display, 16GB RAM, 512GB SSD', 'price': 1299.99, 'category': 'computers', 'stock': 10, 'image': 'laptop-pro.jp...</msg>
<var>${products}</var>
<arg>${response.json()}</arg>
<doc>Returns the given values which can then be assigned to a variables.</doc>
<status status="PASS" start="2026-06-04T08:33:51.619888" elapsed="0.000330"/>
</kw>
<kw name="Should Not Be Empty" owner="BuiltIn">
<msg time="2026-06-04T08:33:51.620400" level="INFO">Length is 1.</msg>
<arg>${products}</arg>
<doc>Verifies that the given item is not empty.</doc>
<status status="PASS" start="2026-06-04T08:33:51.620273" elapsed="0.000150"/>
</kw>
<for flavor="IN">
<iter>
<kw name="Get From Dictionary" owner="Collections">
<msg time="2026-06-04T08:33:51.620712" level="INFO">${cat} = computers</msg>
<var>${cat}</var>
<arg>${product}</arg>
<arg>category</arg>
<doc>Returns a value from the given ``dictionary`` based on the given ``key``.</doc>
<status status="PASS" start="2026-06-04T08:33:51.620618" elapsed="0.000107"/>
</kw>
<kw name="Should Be Equal As Strings" owner="BuiltIn">
<arg>${cat}</arg>
<arg>computers</arg>
<doc>Fails if objects are unequal after converting them to strings.</doc>
<status status="PASS" start="2026-06-04T08:33:51.620779" elapsed="0.000159"/>
</kw>
<var name="${product}">{'id': 1, 'name': 'Laptop Pro 15"', 'description': 'High-performance laptop with 15-inch display, 16GB RAM, 512GB SSD', 'price': 1299.99, 'category': 'computers', 'stock': 10, 'image': 'laptop-pro.jpg...</var>
<status status="PASS" start="2026-06-04T08:33:51.620571" elapsed="0.000389"/>
</iter>
<var>${product}</var>
<value>@{products}</value>
<status status="PASS" start="2026-06-04T08:33:51.620486" elapsed="0.000490"/>
</for>
<tag>happy-path</tag>
<tag>products</tag>
<status status="PASS" start="2026-06-04T08:33:51.618129" elapsed="0.002909"/>
</test>
<test id="s1-t9" name="Get Products Filtered By Invalid Category Returns Empty Array Or 400" line="94">
<kw name="Create Dictionary" owner="BuiltIn">
<msg time="2026-06-04T08:33:51.621504" level="INFO">${params} = {'category': 'invalid-category'}</msg>
<var>${params}</var>
<arg>category=invalid-category</arg>
<doc>Creates and returns a dictionary based on the given ``items``.</doc>
<status status="PASS" start="2026-06-04T08:33:51.621358" elapsed="0.000160"/>
</kw>
<kw name="GET On Session" owner="RequestsLibrary">
<msg time="2026-06-04T08:33:51.622582" level="INFO">GET Request : url=http://localhost:3000/products?category=invalid-category 
 path_url=/products?category=invalid-category 
 headers={'User-Agent': 'python-requests/2.32.5', 'Accept-Encoding': 'gzip, deflate', 'Accept': '*/*', 'Connection': 'keep-alive'} 
 body=None 
 </msg>
<msg time="2026-06-04T08:33:51.622612" level="INFO">GET Response : url=http://localhost:3000/products?category=invalid-category 
 status=200, reason=OK 
 headers={'X-Powered-By': 'Express', 'Access-Control-Allow-Origin': '*', 'Content-Type': 'application/json; charset=utf-8', 'Content-Length': '2', 'ETag': 'W/"2-l9Fw4VUO7kr8CvBlt4zaMCqXZ0w"', 'Date': 'Thu, 04 Jun 2026 06:33:51 GMT', 'Connection': 'keep-alive', 'Keep-Alive': 'timeout=5'} 
 body=[] 
 </msg>
<msg time="2026-06-04T08:33:51.622661" level="INFO">${response} = &lt;Response [200]&gt;</msg>
<var>${response}</var>
<arg>techshop</arg>
<arg>/products</arg>
<arg>params=${params}</arg>
<arg>expected_status=any</arg>
<doc>Sends a GET request on a previously created HTTP Session.</doc>
<status status="PASS" start="2026-06-04T08:33:51.621574" elapsed="0.001100"/>
</kw>
<kw name="Set Variable" owner="BuiltIn">
<msg time="2026-06-04T08:33:51.623126" level="INFO">${status} = 200</msg>
<var>${status}</var>
<arg>${response.status_code}</arg>
<doc>Returns the given values which can then be assigned to a variables.</doc>
<status status="PASS" start="2026-06-04T08:33:51.622739" elapsed="0.000401"/>
</kw>
<kw name="Should Be True" owner="BuiltIn">
<arg>${status} == 200 or ${status} == 400</arg>
<doc>Fails if the given condition is not true.</doc>
<status status="PASS" start="2026-06-04T08:33:51.623197" elapsed="0.000208"/>
</kw>
<kw name="Run Keyword If" owner="BuiltIn">
<kw name="Should Be Empty" owner="BuiltIn">
<msg time="2026-06-04T08:33:51.623926" level="INFO">Length is 0.</msg>
<arg>${response.json()}</arg>
<doc>Verifies that the given item is empty.</doc>
<status status="PASS" start="2026-06-04T08:33:51.623644" elapsed="0.000307"/>
</kw>
<arg>${status} == 200</arg>
<arg>Should Be Empty</arg>
<arg>${response.json()}</arg>
<doc>Runs the given keyword with the given arguments, if ``condition`` is true.</doc>
<status status="PASS" start="2026-06-04T08:33:51.623467" elapsed="0.000510"/>
</kw>
<tag>negative</tag>
<tag>products</tag>
<status status="PASS" start="2026-06-04T08:33:51.621149" elapsed="0.002885"/>
</test>
<test id="s1-t10" name="Get Products With Unsupported Query Param Stays Valid" line="104">
<kw name="Create Dictionary" owner="BuiltIn">
<msg time="2026-06-04T08:33:51.624490" level="INFO">${params} = {'limit': '10'}</msg>
<var>${params}</var>
<arg>limit=10</arg>
<doc>Creates and returns a dictionary based on the given ``items``.</doc>
<status status="PASS" start="2026-06-04T08:33:51.624349" elapsed="0.000154"/>
</kw>
<kw name="GET On Session" owner="RequestsLibrary">
<msg time="2026-06-04T08:33:51.625619" level="INFO">GET Request : url=http://localhost:3000/products?limit=10 
 path_url=/products?limit=10 
 headers={'User-Agent': 'python-requests/2.32.5', 'Accept-Encoding': 'gzip, deflate', 'Accept': '*/*', 'Connection': 'keep-alive'} 
 body=None 
 </msg>
<msg time="2026-06-04T08:33:51.625658" level="INFO">GET Response : url=http://localhost:3000/products?limit=10 
 status=200, reason=OK 
 headers={'X-Powered-By': 'Express', 'Access-Control-Allow-Origin': '*', 'Content-Type': 'application/json; charset=utf-8', 'Content-Length': '1221', 'ETag': 'W/"4c5-epMM57BJpM95sFtCzKma67a/hzs"', 'Date': 'Thu, 04 Jun 2026 06:33:51 GMT', 'Connection': 'keep-alive', 'Keep-Alive': 'timeout=5'} 
 body=[{"id":1,"name":"Laptop Pro 15\"","description":"High-performance laptop with 15-inch display, 16GB RAM, 512GB SSD","price":1299.99,"category":"computers","stock":10,"image":"laptop-pro.jpg","inStock":true},{"id":2,"name":"Wireless Headphones","description":"Noise-cancelling over-ear headphones with 30-hour battery life","price":89.99,"category":"audio","stock":25,"image":"headphones.jpg","inStock":true},{"id":3,"name":"USB-C Hub 7-in-1","description":"Expand your ports: HDMI, USB-A x3, SD card, microSD, USB-C PD","price":49.99,"category":"accessories","stock":50,"image":"usb-hub.jpg","inStock":true},{"id":4,"name":"Mechanical Keyboard","description":"Tenkeyless mechanical keyboard with Cherry MX Brown switches, RGB backlight","price":159.99,"category":"peripherals","stock":15,"image":"keyboard.jpg","inStock":true},{"id":5,"name":"4K Webcam","description":"Ultra HD webcam with autofocus, built-in mic, plug-and-play USB-C","price":129.99,"category":"peripherals","stock":8,"image":"webcam.jpg","inStock":true},{"id":6,"name":"Mouse Pad XL","description":"Extra-large desk mat, 900x400mm, non-slip base, stitched edges","price":29.99,"category":"accessories","stock":0,"image":"mousepad.jpg","inStock":false}] 
 </msg>
<msg time="2026-06-04T08:33:51.625731" level="INFO">${response} = &lt;Response [200]&gt;</msg>
<var>${response}</var>
<arg>techshop</arg>
<arg>/products</arg>
<arg>params=${params}</arg>
<arg>expected_status=any</arg>
<doc>Sends a GET request on a previously created HTTP Session.</doc>
<status status="PASS" start="2026-06-04T08:33:51.624558" elapsed="0.001190"/>
</kw>
<kw name="Set Variable" owner="BuiltIn">
<msg time="2026-06-04T08:33:51.626124" level="INFO">${status} = 200</msg>
<var>${status}</var>
<arg>${response.status_code}</arg>
<doc>Returns the given values which can then be assigned to a variables.</doc>
<status status="PASS" start="2026-06-04T08:33:51.625819" elapsed="0.000320"/>
</kw>
<kw name="Should Be True" owner="BuiltIn">
<arg>${status} == 200 or ${status} == 400</arg>
<doc>Fails if the given condition is not true.</doc>
<status status="PASS" start="2026-06-04T08:33:51.626201" elapsed="0.000216"/>
</kw>
<tag>negative</tag>
<tag>products</tag>
<status status="PASS" start="2026-06-04T08:33:51.624146" elapsed="0.002328"/>
</test>
<test id="s1-t11" name="Post To Products Endpoint Returns 405" line="112">
<kw name="POST On Session" owner="RequestsLibrary">
<msg time="2026-06-04T08:33:51.628045" level="INFO">POST Request : url=http://localhost:3000/products 
 path_url=/products 
 headers={'User-Agent': 'python-requests/2.32.5', 'Accept-Encoding': 'gzip, deflate', 'Accept': '*/*', 'Connection': 'keep-alive', 'Content-Length': '2', 'Content-Type': 'application/json'} 
 body=b'{}' 
 </msg>
<msg time="2026-06-04T08:33:51.628127" level="INFO">POST Response : url=http://localhost:3000/products 
 status=405, reason=Method Not Allowed 
 headers={'X-Powered-By': 'Express', 'Access-Control-Allow-Origin': '*', 'Allow': 'GET', 'Content-Type': 'application/json; charset=utf-8', 'Content-Length': '48', 'ETag': 'W/"30-l6XSwuNlr+og00MsWH252MeX2z0"', 'Date': 'Thu, 04 Jun 2026 06:33:51 GMT', 'Connection': 'keep-alive', 'Keep-Alive': 'timeout=5'} 
 body={"error":"Method POST not allowed on /products"} 
 </msg>
<msg time="2026-06-04T08:33:51.628183" level="INFO">${response} = &lt;Response [405]&gt;</msg>
<var>${response}</var>
<arg>techshop</arg>
<arg>/products</arg>
<arg>json=${{{}}}</arg>
<arg>expected_status=any</arg>
<doc>Sends a POST request on a previously created HTTP Session.</doc>
<status status="PASS" start="2026-06-04T08:33:51.626779" elapsed="0.001418"/>
</kw>
<kw name="Status Should Be" owner="RequestsLibrary">
<arg>405</arg>
<arg>${response}</arg>
<doc>Fails if response status code is different than the expected.</doc>
<status status="PASS" start="2026-06-04T08:33:51.628276" elapsed="0.000107"/>
</kw>
<tag>negative</tag>
<tag>products</tag>
<status status="PASS" start="2026-06-04T08:33:51.626585" elapsed="0.001862"/>
</test>
<test id="s1-t12" name="Get Product With Valid ID Returns 200" line="123">
<kw name="GET On Session" owner="RequestsLibrary">
<msg time="2026-06-04T08:33:51.629683" level="INFO">GET Request : url=http://localhost:3000/products/1 
 path_url=/products/1 
 headers={'User-Agent': 'python-requests/2.32.5', 'Accept-Encoding': 'gzip, deflate', 'Accept': '*/*', 'Connection': 'keep-alive'} 
 body=None 
 </msg>
<msg time="2026-06-04T08:33:51.629715" level="INFO">GET Response : url=http://localhost:3000/products/1 
 status=200, reason=OK 
 headers={'X-Powered-By': 'Express', 'Access-Control-Allow-Origin': '*', 'Content-Type': 'application/json; charset=utf-8', 'Content-Length': '205', 'ETag': 'W/"cd-JOrilze8+eZKaX6WCxaFza+kfh4"', 'Date': 'Thu, 04 Jun 2026 06:33:51 GMT', 'Connection': 'keep-alive', 'Keep-Alive': 'timeout=5'} 
 body={"id":1,"name":"Laptop Pro 15\"","description":"High-performance laptop with 15-inch display, 16GB RAM, 512GB SSD","price":1299.99,"category":"computers","stock":10,"image":"laptop-pro.jpg","inStock":true} 
 </msg>
<msg time="2026-06-04T08:33:51.629766" level="INFO">${response} = &lt;Response [200]&gt;</msg>
<var>${response}</var>
<arg>techshop</arg>
<arg>/products/1</arg>
<doc>Sends a GET request on a previously created HTTP Session.</doc>
<status status="PASS" start="2026-06-04T08:33:51.628739" elapsed="0.001039"/>
</kw>
<kw name="Status Should Be" owner="RequestsLibrary">
<arg>200</arg>
<arg>${response}</arg>
<doc>Fails if response status code is different than the expected.</doc>
<status status="PASS" start="2026-06-04T08:33:51.629844" elapsed="0.000089"/>
</kw>
<kw name="Set Variable" owner="BuiltIn">
<msg time="2026-06-04T08:33:51.630310" level="INFO">${product} = {'id': 1, 'name': 'Laptop Pro 15"', 'description': 'High-performance laptop with 15-inch display, 16GB RAM, 512GB SSD', 'price': 1299.99, 'category': 'computers', 'stock': 10, 'image': 'laptop-pro.jpg...</msg>
<var>${product}</var>
<arg>${response.json()}</arg>
<doc>Returns the given values which can then be assigned to a variables.</doc>
<status status="PASS" start="2026-06-04T08:33:51.629991" elapsed="0.000334"/>
</kw>
<kw name="Dictionary Should Contain Key" owner="Collections">
<arg>${product}</arg>
<arg>id</arg>
<doc>Fails if ``key`` is not found from ``dictionary``.</doc>
<status status="PASS" start="2026-06-04T08:33:51.630381" elapsed="0.000084"/>
</kw>
<kw name="Dictionary Should Contain Key" owner="Collections">
<arg>${product}</arg>
<arg>name</arg>
<doc>Fails if ``key`` is not found from ``dictionary``.</doc>
<status status="PASS" start="2026-06-04T08:33:51.630519" elapsed="0.000079"/>
</kw>
<kw name="Dictionary Should Contain Key" owner="Collections">
<arg>${product}</arg>
<arg>description</arg>
<doc>Fails if ``key`` is not found from ``dictionary``.</doc>
<status status="PASS" start="2026-06-04T08:33:51.630651" elapsed="0.000084"/>
</kw>
<kw name="Dictionary Should Contain Key" owner="Collections">
<arg>${product}</arg>
<arg>price</arg>
<doc>Fails if ``key`` is not found from ``dictionary``.</doc>
<status status="PASS" start="2026-06-04T08:33:51.630787" elapsed="0.000077"/>
</kw>
<kw name="Dictionary Should Contain Key" owner="Collections">
<arg>${product}</arg>
<arg>category</arg>
<doc>Fails if ``key`` is not found from ``dictionary``.</doc>
<status status="PASS" start="2026-06-04T08:33:51.630915" elapsed="0.000075"/>
</kw>
<kw name="Dictionary Should Contain Key" owner="Collections">
<arg>${product}</arg>
<arg>stock</arg>
<doc>Fails if ``key`` is not found from ``dictionary``.</doc>
<status status="PASS" start="2026-06-04T08:33:51.631041" elapsed="0.000074"/>
</kw>
<kw name="Dictionary Should Contain Key" owner="Collections">
<arg>${product}</arg>
<arg>inStock</arg>
<doc>Fails if ``key`` is not found from ``dictionary``.</doc>
<status status="PASS" start="2026-06-04T08:33:51.631166" elapsed="0.000075"/>
</kw>
<tag>happy-path</tag>
<tag>products</tag>
<status status="PASS" start="2026-06-04T08:33:51.628552" elapsed="0.002745"/>
</test>
<test id="s1-t13" name="Get Product With Unknown ID Returns 404" line="136">
<kw name="GET On Session" owner="RequestsLibrary">
<msg time="2026-06-04T08:33:51.632662" level="INFO">GET Request : url=http://localhost:3000/products/99999 
 path_url=/products/99999 
 headers={'User-Agent': 'python-requests/2.32.5', 'Accept-Encoding': 'gzip, deflate', 'Accept': '*/*', 'Connection': 'keep-alive'} 
 body=None 
 </msg>
<msg time="2026-06-04T08:33:51.632694" level="INFO">GET Response : url=http://localhost:3000/products/99999 
 status=404, reason=Not Found 
 headers={'X-Powered-By': 'Express', 'Access-Control-Allow-Origin': '*', 'Content-Type': 'application/json; charset=utf-8', 'Content-Length': '29', 'ETag': 'W/"1d-KH4ngqV3S/XmJmUEKpwjFfjZ2wg"', 'Date': 'Thu, 04 Jun 2026 06:33:51 GMT', 'Connection': 'keep-alive', 'Keep-Alive': 'timeout=5'} 
 body={"error":"Product not found"} 
 </msg>
<msg time="2026-06-04T08:33:51.632750" level="INFO">${response} = &lt;Response [404]&gt;</msg>
<var>${response}</var>
<arg>techshop</arg>
<arg>/products/99999</arg>
<arg>expected_status=any</arg>
<doc>Sends a GET request on a previously created HTTP Session.</doc>
<status status="PASS" start="2026-06-04T08:33:51.631586" elapsed="0.001177"/>
</kw>
<kw name="Status Should Be" owner="RequestsLibrary">
<arg>404</arg>
<arg>${response}</arg>
<doc>Fails if response status code is different than the expected.</doc>
<status status="PASS" start="2026-06-04T08:33:51.632830" elapsed="0.000096"/>
</kw>
<tag>negative</tag>
<tag>products</tag>
<status status="PASS" start="2026-06-04T08:33:51.631402" elapsed="0.001582"/>
</test>
<test id="s1-t14" name="Get Product With Non Numeric ID Returns 400 Or 404" line="142">
<kw name="GET On Session" owner="RequestsLibrary">
<msg time="2026-06-04T08:33:51.634194" level="INFO">GET Request : url=http://localhost:3000/products/abc 
 path_url=/products/abc 
 headers={'User-Agent': 'python-requests/2.32.5', 'Accept-Encoding': 'gzip, deflate', 'Accept': '*/*', 'Connection': 'keep-alive'} 
 body=None 
 </msg>
<msg time="2026-06-04T08:33:51.634223" level="INFO">GET Response : url=http://localhost:3000/products/abc 
 status=404, reason=Not Found 
 headers={'X-Powered-By': 'Express', 'Access-Control-Allow-Origin': '*', 'Content-Type': 'application/json; charset=utf-8', 'Content-Length': '29', 'ETag': 'W/"1d-KH4ngqV3S/XmJmUEKpwjFfjZ2wg"', 'Date': 'Thu, 04 Jun 2026 06:33:51 GMT', 'Connection': 'keep-alive', 'Keep-Alive': 'timeout=5'} 
 body={"error":"Product not found"} 
 </msg>
<msg time="2026-06-04T08:33:51.634271" level="INFO">${response} = &lt;Response [404]&gt;</msg>
<var>${response}</var>
<arg>techshop</arg>
<arg>/products/abc</arg>
<arg>expected_status=any</arg>
<doc>Sends a GET request on a previously created HTTP Session.</doc>
<status status="PASS" start="2026-06-04T08:33:51.633285" elapsed="0.000999"/>
</kw>
<kw name="Set Variable" owner="BuiltIn">
<msg time="2026-06-04T08:33:51.634650" level="INFO">${status} = 404</msg>
<var>${status}</var>
<arg>${response.status_code}</arg>
<doc>Returns the given values which can then be assigned to a variables.</doc>
<status status="PASS" start="2026-06-04T08:33:51.634347" elapsed="0.000360"/>
</kw>
<kw name="Should Be True" owner="BuiltIn">
<arg>${status} == 400 or ${status} == 404</arg>
<doc>Fails if the given condition is not true.</doc>
<status status="PASS" start="2026-06-04T08:33:51.634773" elapsed="0.000191"/>
</kw>
<tag>negative</tag>
<tag>products</tag>
<status status="PASS" start="2026-06-04T08:33:51.633088" elapsed="0.001932"/>
</test>
<test id="s1-t15" name="Get Product With Negative ID Returns 400 Or 404" line="149">
<kw name="GET On Session" owner="RequestsLibrary">
<msg time="2026-06-04T08:33:51.636193" level="INFO">GET Request : url=http://localhost:3000/products/-1 
 path_url=/products/-1 
 headers={'User-Agent': 'python-requests/2.32.5', 'Accept-Encoding': 'gzip, deflate', 'Accept': '*/*', 'Connection': 'keep-alive'} 
 body=None 
 </msg>
<msg time="2026-06-04T08:33:51.636223" level="INFO">GET Response : url=http://localhost:3000/products/-1 
 status=404, reason=Not Found 
 headers={'X-Powered-By': 'Express', 'Access-Control-Allow-Origin': '*', 'Content-Type': 'application/json; charset=utf-8', 'Content-Length': '29', 'ETag': 'W/"1d-KH4ngqV3S/XmJmUEKpwjFfjZ2wg"', 'Date': 'Thu, 04 Jun 2026 06:33:51 GMT', 'Connection': 'keep-alive', 'Keep-Alive': 'timeout=5'} 
 body={"error":"Product not found"} 
 </msg>
<msg time="2026-06-04T08:33:51.636272" level="INFO">${response} = &lt;Response [404]&gt;</msg>
<var>${response}</var>
<arg>techshop</arg>
<arg>/products/-1</arg>
<arg>expected_status=any</arg>
<doc>Sends a GET request on a previously created HTTP Session.</doc>
<status status="PASS" start="2026-06-04T08:33:51.635319" elapsed="0.000966"/>
</kw>
<kw name="Set Variable" owner="BuiltIn">
<msg time="2026-06-04T08:33:51.636635" level="INFO">${status} = 404</msg>
<var>${status}</var>
<arg>${response.status_code}</arg>
<doc>Returns the given values which can then be assigned to a variables.</doc>
<status status="PASS" start="2026-06-04T08:33:51.636347" elapsed="0.000302"/>
</kw>
<kw name="Should Be True" owner="BuiltIn">
<arg>${status} == 400 or ${status} == 404</arg>
<doc>Fails if the given condition is not true.</doc>
<status status="PASS" start="2026-06-04T08:33:51.636705" elapsed="0.000186"/>
</kw>
<tag>negative</tag>
<tag>products</tag>
<status status="PASS" start="2026-06-04T08:33:51.635125" elapsed="0.001820"/>
</test>
<test id="s1-t16" name="Get Product With Missing ID In Path Returns 404" line="156">
<kw name="GET On Session" owner="RequestsLibrary">
<msg time="2026-06-04T08:33:51.638227" level="INFO">GET Request : url=http://localhost:3000/products/ 
 path_url=/products/ 
 headers={'User-Agent': 'python-requests/2.32.5', 'Accept-Encoding': 'gzip, deflate', 'Accept': '*/*', 'Connection': 'keep-alive'} 
 body=None 
 </msg>
<msg time="2026-06-04T08:33:51.638258" level="INFO">GET Response : url=http://localhost:3000/products/ 
 status=404, reason=Not Found 
 headers={'X-Powered-By': 'Express', 'Access-Control-Allow-Origin': '*', 'Content-Type': 'application/json; charset=utf-8', 'Content-Length': '36', 'ETag': 'W/"24-9G/MDzL0TBGqSN1KxKu7Ibwxkww"', 'Date': 'Thu, 04 Jun 2026 06:33:51 GMT', 'Connection': 'keep-alive', 'Keep-Alive': 'timeout=5'} 
 body={"error":"Product ID not specified"} 
 </msg>
<msg time="2026-06-04T08:33:51.638308" level="INFO">${response} = &lt;Response [404]&gt;</msg>
<var>${response}</var>
<arg>techshop</arg>
<arg>/products/</arg>
<arg>expected_status=any</arg>
<doc>Sends a GET request on a previously created HTTP Session.</doc>
<status status="PASS" start="2026-06-04T08:33:51.637302" elapsed="0.001020"/>
</kw>
<kw name="Set Variable" owner="BuiltIn">
<msg time="2026-06-04T08:33:51.638683" level="INFO">${status} = 404</msg>
<var>${status}</var>
<arg>${response.status_code}</arg>
<doc>Returns the given values which can then be assigned to a variables.</doc>
<status status="PASS" start="2026-06-04T08:33:51.638388" elapsed="0.000315"/>
</kw>
<kw name="Should Be True" owner="BuiltIn">
<arg>${status} == 404 or ${status} == 400</arg>
<doc>Fails if the given condition is not true.</doc>
<status status="PASS" start="2026-06-04T08:33:51.638781" elapsed="0.000204"/>
</kw>
<doc>GET /products/ (trailing slash, no ID) should return 404 or a routing error.</doc>
<tag>negative</tag>
<tag>products</tag>
<status status="PASS" start="2026-06-04T08:33:51.637057" elapsed="0.001987"/>
</test>
<test id="s1-t17" name="Get Cart With Valid Token Returns 200" line="169">
<kw name="Get Auth Token" owner="techshop_keywords">
<kw name="Create Dictionary" owner="BuiltIn">
<msg time="2026-06-04T08:33:51.639739" level="INFO">${body} = {'email': 'demo@techshop.com', 'password': 'password123'}</msg>
<var>${body}</var>
<arg>email=${EMAIL}</arg>
<arg>password=${PASSWORD}</arg>
<doc>Creates and returns a dictionary based on the given ``items``.</doc>
<status status="PASS" start="2026-06-04T08:33:51.639539" elapsed="0.000214"/>
</kw>
<kw name="POST On Session" owner="RequestsLibrary">
<msg time="2026-06-04T08:33:51.641005" level="INFO">POST Request : url=http://localhost:3000/auth/login 
 path_url=/auth/login 
 headers={'User-Agent': 'python-requests/2.32.5', 'Accept-Encoding': 'gzip, deflate', 'Accept': '*/*', 'Connection': 'keep-alive', 'Content-Length': '57', 'Content-Type': 'application/json'} 
 body=b'{"email": "demo@techshop.com", "password": "password123"}' 
 </msg>
<msg time="2026-06-04T08:33:51.641037" level="INFO">POST Response : url=http://localhost:3000/auth/login 
 status=200, reason=OK 
 headers={'X-Powered-By': 'Express', 'Access-Control-Allow-Origin': '*', 'Content-Type': 'application/json; charset=utf-8', 'Content-Length': '275', 'ETag': 'W/"113-lbM8zXyFBbtH10wEE4RTxAY+eaY"', 'Date': 'Thu, 04 Jun 2026 06:33:51 GMT', 'Connection': 'keep-alive', 'Keep-Alive': 'timeout=5'} 
 body={"token":"eyJhbGciOiJIUzI1NiIsInR5cCI6IkpXVCJ9.eyJpZCI6MSwiZW1haWwiOiJkZW1vQHRlY2hzaG9wLmNvbSIsIm5hbWUiOiJEZW1vIFVzZXIiLCJpYXQiOjE3ODA1NTQ4MzEsImV4cCI6MTc4MDU1ODQzMX0.Txd_esoTneXBm2K3sv6_eCpYBuJ_c8uBRKru_gto4vg","user":{"id":1,"email":"demo@techshop.com","name":"Demo User"}} 
 </msg>
<msg time="2026-06-04T08:33:51.641087" level="INFO">${response} = &lt;Response [200]&gt;</msg>
<var>${response}</var>
<arg>techshop</arg>
<arg>/auth/login</arg>
<arg>json=${body}</arg>
<doc>Sends a POST request on a previously created HTTP Session.</doc>
<status status="PASS" start="2026-06-04T08:33:51.639811" elapsed="0.001290"/>
</kw>
<kw name="Status Should Be" owner="RequestsLibrary">
<arg>200</arg>
<arg>${response}</arg>
<doc>Fails if response status code is different than the expected.</doc>
<status status="PASS" start="2026-06-04T08:33:51.641168" elapsed="0.000092"/>
</kw>
<kw name="Get From Dictionary" owner="Collections">
<msg time="2026-06-04T08:33:51.641571" level="INFO">${token} = eyJhbGciOiJIUzI1NiIsInR5cCI6IkpXVCJ9.eyJpZCI6MSwiZW1haWwiOiJkZW1vQHRlY2hzaG9wLmNvbSIsIm5hbWUiOiJEZW1vIFVzZXIiLCJpYXQiOjE3ODA1NTQ4MzEsImV4cCI6MTc4MDU1ODQzMX0.Txd_esoTneXBm2K3sv6_eCpYBuJ_c8uBRKru_gto4vg</msg>
<var>${token}</var>
<arg>${response.json()}</arg>
<arg>token</arg>
<doc>Returns a value from the given ``dictionary`` based on the given ``key``.</doc>
<status status="PASS" start="2026-06-04T08:33:51.641317" elapsed="0.000269"/>
</kw>
<return>
<value>${token}</value>
<status status="PASS" start="2026-06-04T08:33:51.641614" elapsed="0.000023"/>
</return>
<msg time="2026-06-04T08:33:51.641705" level="INFO">${token} = eyJhbGciOiJIUzI1NiIsInR5cCI6IkpXVCJ9.eyJpZCI6MSwiZW1haWwiOiJkZW1vQHRlY2hzaG9wLmNvbSIsIm5hbWUiOiJEZW1vIFVzZXIiLCJpYXQiOjE3ODA1NTQ4MzEsImV4cCI6MTc4MDU1ODQzMX0.Txd_esoTneXBm2K3sv6_eCpYBuJ_c8uBRKru_gto4vg</msg>
<var>${token}</var>
<doc>Logs in with the configured credentials and returns the JWT token.</doc>
<status status="PASS" start="2026-06-04T08:33:51.639394" elapsed="0.002324"/>
</kw>
<kw name="Auth Header" owner="techshop_keywords">
<kw name="Create Dictionary" owner="BuiltIn">
<msg time="2026-06-04T08:33:51.642230" level="INFO">${headers} = {'Authorization': 'Bearer eyJhbGciOiJIUzI1NiIsInR5cCI6IkpXVCJ9.eyJpZCI6MSwiZW1haWwiOiJkZW1vQHRlY2hzaG9wLmNvbSIsIm5hbWUiOiJEZW1vIFVzZXIiLCJpYXQiOjE3ODA1NTQ4MzEsImV4cCI6MTc4MDU1ODQzMX0.Txd_esoTneXBm2K3s...</msg>
<var>${headers}</var>
<arg>Authorization=Bearer ${token}</arg>
<doc>Creates and returns a dictionary based on the given ``items``.</doc>
<status status="PASS" start="2026-06-04T08:33:51.642047" elapsed="0.000231"/>
</kw>
<return>
<value>${headers}</value>
<status status="PASS" start="2026-06-04T08:33:51.642303" elapsed="0.000014"/>
</return>
<msg time="2026-06-04T08:33:51.642380" level="INFO">${headers} = {'Authorization': 'Bearer eyJhbGciOiJIUzI1NiIsInR5cCI6IkpXVCJ9.eyJpZCI6MSwiZW1haWwiOiJkZW1vQHRlY2hzaG9wLmNvbSIsIm5hbWUiOiJEZW1vIFVzZXIiLCJpYXQiOjE3ODA1NTQ4MzEsImV4cCI6MTc4MDU1ODQzMX0.Txd_esoTneXBm2K3s...</msg>
<var>${headers}</var>
<arg>${token}</arg>
<doc>Returns an Authorization header dict for the given token.</doc>
<status status="PASS" start="2026-06-04T08:33:51.641897" elapsed="0.000497"/>
</kw>
<kw name="GET On Session" owner="RequestsLibrary">
<msg time="2026-06-04T08:33:51.643486" level="INFO">GET Request : url=http://localhost:3000/cart 
 path_url=/cart 
 headers={'User-Agent': 'python-requests/2.32.5', 'Accept-Encoding': 'gzip, deflate', 'Accept': '*/*', 'Connection': 'keep-alive', 'Authorization': 'Bearer eyJhbGciOiJIUzI1NiIsInR5cCI6IkpXVCJ9.eyJpZCI6MSwiZW1haWwiOiJkZW1vQHRlY2hzaG9wLmNvbSIsIm5hbWUiOiJEZW1vIFVzZXIiLCJpYXQiOjE3ODA1NTQ4MzEsImV4cCI6MTc4MDU1ODQzMX0.Txd_esoTneXBm2K3sv6_eCpYBuJ_c8uBRKru_gto4vg'} 
 body=None 
 </msg>
<msg time="2026-06-04T08:33:51.643518" level="INFO">GET Response : url=http://localhost:3000/cart 
 status=200, reason=OK 
 headers={'X-Powered-By': 'Express', 'Access-Control-Allow-Origin': '*', 'Content-Type': 'application/json; charset=utf-8', 'Content-Length': '118', 'ETag': 'W/"76-e7NL3rVnKCZKr3G4WVAQvC+6xmE"', 'Date': 'Thu, 04 Jun 2026 06:33:51 GMT', 'Connection': 'keep-alive', 'Keep-Alive': 'timeout=5'} 
 body={"items":[{"id":1780554826057,"productId":1,"name":"Laptop Pro 15\"","price":1299.99,"quantity":11}],"total":14299.89} 
 </msg>
<msg time="2026-06-04T08:33:51.643571" level="INFO">${response} = &lt;Response [200]&gt;</msg>
<var>${response}</var>
<arg>techshop</arg>
<arg>/cart</arg>
<arg>headers=${headers}</arg>
<doc>Sends a GET request on a previously created HTTP Session.</doc>
<status status="PASS" start="2026-06-04T08:33:51.642450" elapsed="0.001134"/>
</kw>
<kw name="Status Should Be" owner="RequestsLibrary">
<arg>200</arg>
<arg>${response}</arg>
<doc>Fails if response status code is different than the expected.</doc>
<status status="PASS" start="2026-06-04T08:33:51.643648" elapsed="0.000091"/>
</kw>
<kw name="Set Variable" owner="BuiltIn">
<msg time="2026-06-04T08:33:51.644108" level="INFO">${cart} = {'items': [{'id': 1780554826057, 'productId': 1, 'name': 'Laptop Pro 15"', 'price': 1299.99, 'quantity': 11}], 'total': 14299.89}</msg>
<var>${cart}</var>
<arg>${response.json()}</arg>
<doc>Returns the given values which can then be assigned to a variables.</doc>
<status status="PASS" start="2026-06-04T08:33:51.643797" elapsed="0.000329"/>
</kw>
<kw name="Dictionary Should Contain Key" owner="Collections">
<arg>${cart}</arg>
<arg>items</arg>
<doc>Fails if ``key`` is not found from ``dictionary``.</doc>
<status status="PASS" start="2026-06-04T08:33:51.644193" elapsed="0.000103"/>
</kw>
<kw name="Dictionary Should Contain Key" owner="Collections">
<arg>${cart}</arg>
<arg>total</arg>
<doc>Fails if ``key`` is not found from ``dictionary``.</doc>
<status status="PASS" start="2026-06-04T08:33:51.644350" elapsed="0.000079"/>
</kw>
<tag>auth-required</tag>
<tag>cart</tag>
<tag>happy-path</tag>
<status status="PASS" start="2026-06-04T08:33:51.639146" elapsed="0.005339"/>
</test>
<test id="s1-t18" name="Get Cart Without Auth Token Returns 401" line="179">
<kw name="GET On Session" owner="RequestsLibrary">
<msg time="2026-06-04T08:33:51.645702" level="INFO">GET Request : url=http://localhost:3000/cart 
 path_url=/cart 
 headers={'User-Agent': 'python-requests/2.32.5', 'Accept-Encoding': 'gzip, deflate', 'Accept': '*/*', 'Connection': 'keep-alive'} 
 body=None 
 </msg>
<msg time="2026-06-04T08:33:51.645732" level="INFO">GET Response : url=http://localhost:3000/cart 
 status=401, reason=Unauthorized 
 headers={'X-Powered-By': 'Express', 'Access-Control-Allow-Origin': '*', 'Content-Type': 'application/json; charset=utf-8', 'Content-Length': '29', 'ETag': 'W/"1d-TdeScqFQy+dbnhB6tfnSArDhevg"', 'Date': 'Thu, 04 Jun 2026 06:33:51 GMT', 'Connection': 'keep-alive', 'Keep-Alive': 'timeout=5'} 
 body={"error":"No token provided"} 
 </msg>
<msg time="2026-06-04T08:33:51.645781" level="INFO">${response} = &lt;Response [401]&gt;</msg>
<var>${response}</var>
<arg>techshop</arg>
<arg>/cart</arg>
<arg>expected_status=any</arg>
<doc>Sends a GET request on a previously created HTTP Session.</doc>
<status status="PASS" start="2026-06-04T08:33:51.644786" elapsed="0.001008"/>
</kw>
<kw name="Status Should Be" owner="RequestsLibrary">
<arg>401</arg>
<arg>${response}</arg>
<doc>Fails if response status code is different than the expected.</doc>
<status status="PASS" start="2026-06-04T08:33:51.645857" elapsed="0.000106"/>
</kw>
<tag>auth-required</tag>
<tag>cart</tag>
<tag>negative</tag>
<status status="PASS" start="2026-06-04T08:33:51.644600" elapsed="0.001428"/>
</test>
<test id="s1-t19" name="Get Cart With Invalid Token Returns 401" line="184">
<kw name="Create Dictionary" owner="BuiltIn">
<msg time="2026-06-04T08:33:51.646466" level="INFO">${headers} = {'Authorization': 'Bearer this.is.not.a.valid.token'}</msg>
<var>${headers}</var>
<arg>Authorization=Bearer this.is.not.a.valid.token</arg>
<doc>Creates and returns a dictionary based on the given ``items``.</doc>
<status status="PASS" start="2026-06-04T08:33:51.646316" elapsed="0.000164"/>
</kw>
<kw name="GET On Session" owner="RequestsLibrary">
<msg time="2026-06-04T08:33:51.647509" level="INFO">GET Request : url=http://localhost:3000/cart 
 path_url=/cart 
 headers={'User-Agent': 'python-requests/2.32.5', 'Accept-Encoding': 'gzip, deflate', 'Accept': '*/*', 'Connection': 'keep-alive', 'Authorization': 'Bearer this.is.not.a.valid.token'} 
 body=None 
 </msg>
<msg time="2026-06-04T08:33:51.647539" level="INFO">GET Response : url=http://localhost:3000/cart 
 status=401, reason=Unauthorized 
 headers={'X-Powered-By': 'Express', 'Access-Control-Allow-Origin': '*', 'Content-Type': 'application/json; charset=utf-8', 'Content-Length': '36', 'ETag': 'W/"24-GNDyEGK1yBKJB1sFHYU2n5ZGC54"', 'Date': 'Thu, 04 Jun 2026 06:33:51 GMT', 'Connection': 'keep-alive', 'Keep-Alive': 'timeout=5'} 
 body={"error":"Invalid or expired token"} 
 </msg>
<msg time="2026-06-04T08:33:51.647587" level="INFO">${response} = &lt;Response [401]&gt;</msg>
<var>${response}</var>
<arg>techshop</arg>
<arg>/cart</arg>
<arg>headers=${headers}</arg>
<arg>expected_status=any</arg>
<doc>Sends a GET request on a previously created HTTP Session.</doc>
<status status="PASS" start="2026-06-04T08:33:51.646537" elapsed="0.001063"/>
</kw>
<kw name="Status Should Be" owner="RequestsLibrary">
<arg>401</arg>
<arg>${response}</arg>
<doc>Fails if response status code is different than the expected.</doc>
<status status="PASS" start="2026-06-04T08:33:51.647665" elapsed="0.000088"/>
</kw>
<tag>auth-required</tag>
<tag>cart</tag>
<tag>negative</tag>
<status status="PASS" start="2026-06-04T08:33:51.646132" elapsed="0.001676"/>
</test>
<test id="s1-t20" name="Get Cart With Malformed Auth Header Returns 401" line="191">
<kw name="Create Dictionary" owner="BuiltIn">
<msg time="2026-06-04T08:33:51.648253" level="INFO">${headers} = {'Authorization': 'Bearer'}</msg>
<var>${headers}</var>
<arg>Authorization=Bearer</arg>
<doc>Creates and returns a dictionary based on the given ``items``.</doc>
<status status="PASS" start="2026-06-04T08:33:51.648105" elapsed="0.000162"/>
</kw>
<kw name="GET On Session" owner="RequestsLibrary">
<msg time="2026-06-04T08:33:51.649349" level="INFO">GET Request : url=http://localhost:3000/cart 
 path_url=/cart 
 headers={'User-Agent': 'python-requests/2.32.5', 'Accept-Encoding': 'gzip, deflate', 'Accept': '*/*', 'Connection': 'keep-alive', 'Authorization': 'Bearer'} 
 body=None 
 </msg>
<msg time="2026-06-04T08:33:51.649406" level="INFO">GET Response : url=http://localhost:3000/cart 
 status=401, reason=Unauthorized 
 headers={'X-Powered-By': 'Express', 'Access-Control-Allow-Origin': '*', 'Content-Type': 'application/json; charset=utf-8', 'Content-Length': '29', 'ETag': 'W/"1d-TdeScqFQy+dbnhB6tfnSArDhevg"', 'Date': 'Thu, 04 Jun 2026 06:33:51 GMT', 'Connection': 'keep-alive', 'Keep-Alive': 'timeout=5'} 
 body={"error":"No token provided"} 
 </msg>
<msg time="2026-06-04T08:33:51.649461" level="INFO">${response} = &lt;Response [401]&gt;</msg>
<var>${response}</var>
<arg>techshop</arg>
<arg>/cart</arg>
<arg>headers=${headers}</arg>
<arg>expected_status=any</arg>
<doc>Sends a GET request on a previously created HTTP Session.</doc>
<status status="PASS" start="2026-06-04T08:33:51.648323" elapsed="0.001153"/>
</kw>
<kw name="Status Should Be" owner="RequestsLibrary">
<arg>401</arg>
<arg>${response}</arg>
<doc>Fails if response status code is different than the expected.</doc>
<status status="PASS" start="2026-06-04T08:33:51.649552" elapsed="0.000092"/>
</kw>
<tag>auth-required</tag>
<tag>cart</tag>
<tag>negative</tag>
<status status="PASS" start="2026-06-04T08:33:51.647917" elapsed="0.001782"/>
</test>
<test id="s1-t21" name="Get Cart With Basic Auth Header Returns 401" line="198">
<kw name="Create Dictionary" owner="BuiltIn">
<msg time="2026-06-04T08:33:51.650140" level="INFO">${headers} = {'Authorization': 'Basic dXNlcjpwYXNz'}</msg>
<var>${headers}</var>
<arg>Authorization=Basic dXNlcjpwYXNz</arg>
<doc>Creates and returns a dictionary based on the given ``items``.</doc>
<status status="PASS" start="2026-06-04T08:33:51.649992" elapsed="0.000161"/>
</kw>
<kw name="GET On Session" owner="RequestsLibrary">
<msg time="2026-06-04T08:33:51.651202" level="INFO">GET Request : url=http://localhost:3000/cart 
 path_url=/cart 
 headers={'User-Agent': 'python-requests/2.32.5', 'Accept-Encoding': 'gzip, deflate', 'Accept': '*/*', 'Connection': 'keep-alive', 'Authorization': 'Basic dXNlcjpwYXNz'} 
 body=None 
 </msg>
<msg time="2026-06-04T08:33:51.651232" level="INFO">GET Response : url=http://localhost:3000/cart 
 status=401, reason=Unauthorized 
 headers={'X-Powered-By': 'Express', 'Access-Control-Allow-Origin': '*', 'Content-Type': 'application/json; charset=utf-8', 'Content-Length': '29', 'ETag': 'W/"1d-TdeScqFQy+dbnhB6tfnSArDhevg"', 'Date': 'Thu, 04 Jun 2026 06:33:51 GMT', 'Connection': 'keep-alive', 'Keep-Alive': 'timeout=5'} 
 body={"error":"No token provided"} 
 </msg>
<msg time="2026-06-04T08:33:51.651287" level="INFO">${response} = &lt;Response [401]&gt;</msg>
<var>${response}</var>
<arg>techshop</arg>
<arg>/cart</arg>
<arg>headers=${headers}</arg>
<arg>expected_status=any</arg>
<doc>Sends a GET request on a previously created HTTP Session.</doc>
<status status="PASS" start="2026-06-04T08:33:51.650209" elapsed="0.001092"/>
</kw>
<kw name="Status Should Be" owner="RequestsLibrary">
<arg>401</arg>
<arg>${response}</arg>
<doc>Fails if response status code is different than the expected.</doc>
<status status="PASS" start="2026-06-04T08:33:51.651375" elapsed="0.000091"/>
</kw>
<tag>auth-required</tag>
<tag>cart</tag>
<tag>negative</tag>
<status status="PASS" start="2026-06-04T08:33:51.649807" elapsed="0.001714"/>
</test>
<test id="s1-t22" name="Add Item To Cart With Valid Token Returns 201" line="210">
<kw name="Get Auth Token" owner="techshop_keywords">
<kw name="Create Dictionary" owner="BuiltIn">
<msg time="2026-06-04T08:33:51.652328" level="INFO">${body} = {'email': 'demo@techshop.com', 'password': 'password123'}</msg>
<var>${body}</var>
<arg>email=${EMAIL}</arg>
<arg>password=${PASSWORD}</arg>
<doc>Creates and returns a dictionary based on the given ``items``.</doc>
<status status="PASS" start="2026-06-04T08:33:51.652109" elapsed="0.000235"/>
</kw>
<kw name="POST On Session" owner="RequestsLibrary">
<msg time="2026-06-04T08:33:51.653553" level="INFO">POST Request : url=http://localhost:3000/auth/login 
 path_url=/auth/login 
 headers={'User-Agent': 'python-requests/2.32.5', 'Accept-Encoding': 'gzip, deflate', 'Accept': '*/*', 'Connection': 'keep-alive', 'Content-Length': '57', 'Content-Type': 'application/json'} 
 body=b'{"email": "demo@techshop.com", "password": "password123"}' 
 </msg>
<msg time="2026-06-04T08:33:51.653589" level="INFO">POST Response : url=http://localhost:3000/auth/login 
 status=200, reason=OK 
 headers={'X-Powered-By': 'Express', 'Access-Control-Allow-Origin': '*', 'Content-Type': 'application/json; charset=utf-8', 'Content-Length': '275', 'ETag': 'W/"113-lbM8zXyFBbtH10wEE4RTxAY+eaY"', 'Date': 'Thu, 04 Jun 2026 06:33:51 GMT', 'Connection': 'keep-alive', 'Keep-Alive': 'timeout=5'} 
 body={"token":"eyJhbGciOiJIUzI1NiIsInR5cCI6IkpXVCJ9.eyJpZCI6MSwiZW1haWwiOiJkZW1vQHRlY2hzaG9wLmNvbSIsIm5hbWUiOiJEZW1vIFVzZXIiLCJpYXQiOjE3ODA1NTQ4MzEsImV4cCI6MTc4MDU1ODQzMX0.Txd_esoTneXBm2K3sv6_eCpYBuJ_c8uBRKru_gto4vg","user":{"id":1,"email":"demo@techshop.com","name":"Demo User"}} 
 </msg>
<msg time="2026-06-04T08:33:51.653646" level="INFO">${response} = &lt;Response [200]&gt;</msg>
<var>${response}</var>
<arg>techshop</arg>
<arg>/auth/login</arg>
<arg>json=${body}</arg>
<doc>Sends a POST request on a previously created HTTP Session.</doc>
<status status="PASS" start="2026-06-04T08:33:51.652405" elapsed="0.001255"/>
</kw>
<kw name="Status Should Be" owner="RequestsLibrary">
<arg>200</arg>
<arg>${response}</arg>
<doc>Fails if response status code is different than the expected.</doc>
<status status="PASS" start="2026-06-04T08:33:51.653723" elapsed="0.000091"/>
</kw>
<kw name="Get From Dictionary" owner="Collections">
<msg time="2026-06-04T08:33:51.654131" level="INFO">${token} = eyJhbGciOiJIUzI1NiIsInR5cCI6IkpXVCJ9.eyJpZCI6MSwiZW1haWwiOiJkZW1vQHRlY2hzaG9wLmNvbSIsIm5hbWUiOiJEZW1vIFVzZXIiLCJpYXQiOjE3ODA1NTQ4MzEsImV4cCI6MTc4MDU1ODQzMX0.Txd_esoTneXBm2K3sv6_eCpYBuJ_c8uBRKru_gto4vg</msg>
<var>${token}</var>
<arg>${response.json()}</arg>
<arg>token</arg>
<doc>Returns a value from the given ``dictionary`` based on the given ``key``.</doc>
<status status="PASS" start="2026-06-04T08:33:51.653870" elapsed="0.000275"/>
</kw>
<return>
<value>${token}</value>
<status status="PASS" start="2026-06-04T08:33:51.654172" elapsed="0.000018"/>
</return>
<msg time="2026-06-04T08:33:51.654253" level="INFO">${token} = eyJhbGciOiJIUzI1NiIsInR5cCI6IkpXVCJ9.eyJpZCI6MSwiZW1haWwiOiJkZW1vQHRlY2hzaG9wLmNvbSIsIm5hbWUiOiJEZW1vIFVzZXIiLCJpYXQiOjE3ODA1NTQ4MzEsImV4cCI6MTc4MDU1ODQzMX0.Txd_esoTneXBm2K3sv6_eCpYBuJ_c8uBRKru_gto4vg</msg>
<var>${token}</var>
<doc>Logs in with the configured credentials and returns the JWT token.</doc>
<status status="PASS" start="2026-06-04T08:33:51.651865" elapsed="0.002401"/>
</kw>
<kw name="Auth Header" owner="techshop_keywords">
<kw name="Create Dictionary" owner="BuiltIn">
<msg time="2026-06-04T08:33:51.654693" level="INFO">${headers} = {'Authorization': 'Bearer eyJhbGciOiJIUzI1NiIsInR5cCI6IkpXVCJ9.eyJpZCI6MSwiZW1haWwiOiJkZW1vQHRlY2hzaG9wLmNvbSIsIm5hbWUiOiJEZW1vIFVzZXIiLCJpYXQiOjE3ODA1NTQ4MzEsImV4cCI6MTc4MDU1ODQzMX0.Txd_esoTneXBm2K3s...</msg>
<var>${headers}</var>
<arg>Authorization=Bearer ${token}</arg>
<doc>Creates and returns a dictionary based on the given ``items``.</doc>
<status status="PASS" start="2026-06-04T08:33:51.654495" elapsed="0.000214"/>
</kw>
<return>
<value>${headers}</value>
<status status="PASS" start="2026-06-04T08:33:51.654735" elapsed="0.000014"/>
</return>
<msg time="2026-06-04T08:33:51.654811" level="INFO">${headers} = {'Authorization': 'Bearer eyJhbGciOiJIUzI1NiIsInR5cCI6IkpXVCJ9.eyJpZCI6MSwiZW1haWwiOiJkZW1vQHRlY2hzaG9wLmNvbSIsIm5hbWUiOiJEZW1vIFVzZXIiLCJpYXQiOjE3ODA1NTQ4MzEsImV4cCI6MTc4MDU1ODQzMX0.Txd_esoTneXBm2K3s...</msg>
<var>${headers}</var>
<arg>${token}</arg>
<doc>Returns an Authorization header dict for the given token.</doc>
<status status="PASS" start="2026-06-04T08:33:51.654348" elapsed="0.000476"/>
</kw>
<kw name="Create Dictionary" owner="BuiltIn">
<msg time="2026-06-04T08:33:51.655275" level="INFO">${body} = {'productId': 1, 'quantity': 2}</msg>
<var>${body}</var>
<arg>productId=${1}</arg>
<arg>quantity=${2}</arg>
<doc>Creates and returns a dictionary based on the given ``items``.</doc>
<status status="PASS" start="2026-06-04T08:33:51.654886" elapsed="0.000438"/>
</kw>
<kw name="POST On Session" owner="RequestsLibrary">
<msg time="2026-06-04T08:33:51.656508" level="INFO">POST Request : url=http://localhost:3000/cart 
 path_url=/cart 
 headers={'User-Agent': 'python-requests/2.32.5', 'Accept-Encoding': 'gzip, deflate', 'Accept': '*/*', 'Connection': 'keep-alive', 'Authorization': 'Bearer eyJhbGciOiJIUzI1NiIsInR5cCI6IkpXVCJ9.eyJpZCI6MSwiZW1haWwiOiJkZW1vQHRlY2hzaG9wLmNvbSIsIm5hbWUiOiJEZW1vIFVzZXIiLCJpYXQiOjE3ODA1NTQ4MzEsImV4cCI6MTc4MDU1ODQzMX0.Txd_esoTneXBm2K3sv6_eCpYBuJ_c8uBRKru_gto4vg', 'Content-Length': '31', 'Content-Type': 'application/json'} 
 body=b'{"productId": 1, "quantity": 2}' 
 </msg>
<msg time="2026-06-04T08:33:51.656540" level="INFO">POST Response : url=http://localhost:3000/cart 
 status=201, reason=Created 
 headers={'X-Powered-By': 'Express', 'Access-Control-Allow-Origin': '*', 'Content-Type': 'application/json; charset=utf-8', 'Content-Length': '137', 'ETag': 'W/"89-EAP4Rl7RRTUWpnCRIRv4p6pnP+s"', 'Date': 'Thu, 04 Jun 2026 06:33:51 GMT', 'Connection': 'keep-alive', 'Keep-Alive': 'timeout=5'} 
 body={"id":1780554826057,"items":[{"id":1780554826057,"productId":1,"name":"Laptop Pro 15\"","price":1299.99,"quantity":13}],"total":16899.87} 
 </msg>
<msg time="2026-06-04T08:33:51.656589" level="INFO">${response} = &lt;Response [201]&gt;</msg>
<var>${response}</var>
<arg>techshop</arg>
<arg>/cart</arg>
<arg>headers=${headers}</arg>
<arg>json=${body}</arg>
<doc>Sends a POST request on a previously created HTTP Session.</doc>
<status status="PASS" start="2026-06-04T08:33:51.655383" elapsed="0.001219"/>
</kw>
<kw name="Status Should Be" owner="RequestsLibrary">
<arg>201</arg>
<arg>${response}</arg>
<doc>Fails if response status code is different than the expected.</doc>
<status status="PASS" start="2026-06-04T08:33:51.656668" elapsed="0.000090"/>
</kw>
<tag>auth-required</tag>
<tag>cart</tag>
<tag>happy-path</tag>
<status status="PASS" start="2026-06-04T08:33:51.651627" elapsed="0.005189"/>
</test>
<test id="s1-t23" name="Add Item To Cart Reflects In GET Cart" line="218">
<kw name="Get Auth Token" owner="techshop_keywords">
<kw name="Create Dictionary" owner="BuiltIn">
<msg time="2026-06-04T08:33:51.657513" level="INFO">${body} = {'email': 'demo@techshop.com', 'password': 'password123'}</msg>
<var>${body}</var>
<arg>email=${EMAIL}</arg>
<arg>password=${PASSWORD}</arg>
<doc>Creates and returns a dictionary based on the given ``items``.</doc>
<status status="PASS" start="2026-06-04T08:33:51.657312" elapsed="0.000215"/>
</kw>
<kw name="POST On Session" owner="RequestsLibrary">
<msg time="2026-06-04T08:33:51.658717" level="INFO">POST Request : url=http://localhost:3000/auth/login 
 path_url=/auth/login 
 headers={'User-Agent': 'python-requests/2.32.5', 'Accept-Encoding': 'gzip, deflate', 'Accept': '*/*', 'Connection': 'keep-alive', 'Content-Length': '57', 'Content-Type': 'application/json'} 
 body=b'{"email": "demo@techshop.com", "password": "password123"}' 
 </msg>
<msg time="2026-06-04T08:33:51.658753" level="INFO">POST Response : url=http://localhost:3000/auth/login 
 status=200, reason=OK 
 headers={'X-Powered-By': 'Express', 'Access-Control-Allow-Origin': '*', 'Content-Type': 'application/json; charset=utf-8', 'Content-Length': '275', 'ETag': 'W/"113-lbM8zXyFBbtH10wEE4RTxAY+eaY"', 'Date': 'Thu, 04 Jun 2026 06:33:51 GMT', 'Connection': 'keep-alive', 'Keep-Alive': 'timeout=5'} 
 body={"token":"eyJhbGciOiJIUzI1NiIsInR5cCI6IkpXVCJ9.eyJpZCI6MSwiZW1haWwiOiJkZW1vQHRlY2hzaG9wLmNvbSIsIm5hbWUiOiJEZW1vIFVzZXIiLCJpYXQiOjE3ODA1NTQ4MzEsImV4cCI6MTc4MDU1ODQzMX0.Txd_esoTneXBm2K3sv6_eCpYBuJ_c8uBRKru_gto4vg","user":{"id":1,"email":"demo@techshop.com","name":"Demo User"}} 
 </msg>
<msg time="2026-06-04T08:33:51.658810" level="INFO">${response} = &lt;Response [200]&gt;</msg>
<var>${response}</var>
<arg>techshop</arg>
<arg>/auth/login</arg>
<arg>json=${body}</arg>
<doc>Sends a POST request on a previously created HTTP Session.</doc>
<status status="PASS" start="2026-06-04T08:33:51.657585" elapsed="0.001242"/>
</kw>
<kw name="Status Should Be" owner="RequestsLibrary">
<arg>200</arg>
<arg>${response}</arg>
<doc>Fails if response status code is different than the expected.</doc>
<status status="PASS" start="2026-06-04T08:33:51.658912" elapsed="0.000095"/>
</kw>
<kw name="Get From Dictionary" owner="Collections">
<msg time="2026-06-04T08:33:51.659323" level="INFO">${token} = eyJhbGciOiJIUzI1NiIsInR5cCI6IkpXVCJ9.eyJpZCI6MSwiZW1haWwiOiJkZW1vQHRlY2hzaG9wLmNvbSIsIm5hbWUiOiJEZW1vIFVzZXIiLCJpYXQiOjE3ODA1NTQ4MzEsImV4cCI6MTc4MDU1ODQzMX0.Txd_esoTneXBm2K3sv6_eCpYBuJ_c8uBRKru_gto4vg</msg>
<var>${token}</var>
<arg>${response.json()}</arg>
<arg>token</arg>
<doc>Returns a value from the given ``dictionary`` based on the given ``key``.</doc>
<status status="PASS" start="2026-06-04T08:33:51.659065" elapsed="0.000272"/>
</kw>
<return>
<value>${token}</value>
<status status="PASS" start="2026-06-04T08:33:51.659364" elapsed="0.000015"/>
</return>
<msg time="2026-06-04T08:33:51.659443" level="INFO">${token} = eyJhbGciOiJIUzI1NiIsInR5cCI6IkpXVCJ9.eyJpZCI6MSwiZW1haWwiOiJkZW1vQHRlY2hzaG9wLmNvbSIsIm5hbWUiOiJEZW1vIFVzZXIiLCJpYXQiOjE3ODA1NTQ4MzEsImV4cCI6MTc4MDU1ODQzMX0.Txd_esoTneXBm2K3sv6_eCpYBuJ_c8uBRKru_gto4vg</msg>
<var>${token}</var>
<doc>Logs in with the configured credentials and returns the JWT token.</doc>
<status status="PASS" start="2026-06-04T08:33:51.657189" elapsed="0.002267"/>
</kw>
<kw name="Auth Header" owner="techshop_keywords">
<kw name="Create Dictionary" owner="BuiltIn">
<msg time="2026-06-04T08:33:51.659863" level="INFO">${headers} = {'Authorization': 'Bearer eyJhbGciOiJIUzI1NiIsInR5cCI6IkpXVCJ9.eyJpZCI6MSwiZW1haWwiOiJkZW1vQHRlY2hzaG9wLmNvbSIsIm5hbWUiOiJEZW1vIFVzZXIiLCJpYXQiOjE3ODA1NTQ4MzEsImV4cCI6MTc4MDU1ODQzMX0.Txd_esoTneXBm2K3s...</msg>
<var>${headers}</var>
<arg>Authorization=Bearer ${token}</arg>
<doc>Creates and returns a dictionary based on the given ``items``.</doc>
<status status="PASS" start="2026-06-04T08:33:51.659682" elapsed="0.000195"/>
</kw>
<return>
<value>${headers}</value>
<status status="PASS" start="2026-06-04T08:33:51.659901" elapsed="0.000013"/>
</return>
<msg time="2026-06-04T08:33:51.659977" level="INFO">${headers} = {'Authorization': 'Bearer eyJhbGciOiJIUzI1NiIsInR5cCI6IkpXVCJ9.eyJpZCI6MSwiZW1haWwiOiJkZW1vQHRlY2hzaG9wLmNvbSIsIm5hbWUiOiJEZW1vIFVzZXIiLCJpYXQiOjE3ODA1NTQ4MzEsImV4cCI6MTc4MDU1ODQzMX0.Txd_esoTneXBm2K3s...</msg>
<var>${headers}</var>
<arg>${token}</arg>
<doc>Returns an Authorization header dict for the given token.</doc>
<status status="PASS" start="2026-06-04T08:33:51.659536" elapsed="0.000454"/>
</kw>
<kw name="Create Dictionary" owner="BuiltIn">
<msg time="2026-06-04T08:33:51.660435" level="INFO">${body} = {'productId': 2, 'quantity': 3}</msg>
<var>${body}</var>
<arg>productId=${2}</arg>
<arg>quantity=${3}</arg>
<doc>Creates and returns a dictionary based on the given ``items``.</doc>
<status status="PASS" start="2026-06-04T08:33:51.660048" elapsed="0.000401"/>
</kw>
<kw name="POST On Session" owner="RequestsLibrary">
<msg time="2026-06-04T08:33:51.661591" level="INFO">POST Request : url=http://localhost:3000/cart 
 path_url=/cart 
 headers={'User-Agent': 'python-requests/2.32.5', 'Accept-Encoding': 'gzip, deflate', 'Accept': '*/*', 'Connection': 'keep-alive', 'Authorization': 'Bearer eyJhbGciOiJIUzI1NiIsInR5cCI6IkpXVCJ9.eyJpZCI6MSwiZW1haWwiOiJkZW1vQHRlY2hzaG9wLmNvbSIsIm5hbWUiOiJEZW1vIFVzZXIiLCJpYXQiOjE3ODA1NTQ4MzEsImV4cCI6MTc4MDU1ODQzMX0.Txd_esoTneXBm2K3sv6_eCpYBuJ_c8uBRKru_gto4vg', 'Content-Length': '31', 'Content-Type': 'application/json'} 
 body=b'{"productId": 2, "quantity": 3}' 
 </msg>
<msg time="2026-06-04T08:33:51.661628" level="INFO">POST Response : url=http://localhost:3000/cart 
 status=201, reason=Created 
 headers={'X-Powered-By': 'Express', 'Access-Control-Allow-Origin': '*', 'Content-Type': 'application/json; charset=utf-8', 'Content-Length': '228', 'ETag': 'W/"e4-OBUQ19zrYIXZFtyyVZzjyCfizQI"', 'Date': 'Thu, 04 Jun 2026 06:33:51 GMT', 'Connection': 'keep-alive', 'Keep-Alive': 'timeout=5'} 
 body={"id":1780554831661,"items":[{"id":1780554826057,"productId":1,"name":"Laptop Pro 15\"","price":1299.99,"quantity":13},{"id":1780554831661,"productId":2,"name":"Wireless Headphones","price":89.99,"quantity":3}],"total":17169.84} 
 </msg>
<msg time="2026-06-04T08:33:51.661729" level="INFO">${post_resp} = &lt;Response [201]&gt;</msg>
<var>${post_resp}</var>
<arg>techshop</arg>
<arg>/cart</arg>
<arg>headers=${headers}</arg>
<arg>json=${body}</arg>
<doc>Sends a POST request on a previously created HTTP Session.</doc>
<status status="PASS" start="2026-06-04T08:33:51.660506" elapsed="0.001239"/>
</kw>
<kw name="Status Should Be" owner="RequestsLibrary">
<arg>201</arg>
<arg>${post_resp}</arg>
<doc>Fails if response status code is different than the expected.</doc>
<status status="PASS" start="2026-06-04T08:33:51.661836" elapsed="0.000105"/>
</kw>
<kw name="GET On Session" owner="RequestsLibrary">
<msg time="2026-06-04T08:33:51.663118" level="INFO">GET Request : url=http://localhost:3000/cart 
 path_url=/cart 
 headers={'User-Agent': 'python-requests/2.32.5', 'Accept-Encoding': 'gzip, deflate', 'Accept': '*/*', 'Connection': 'keep-alive', 'Authorization': 'Bearer eyJhbGciOiJIUzI1NiIsInR5cCI6IkpXVCJ9.eyJpZCI6MSwiZW1haWwiOiJkZW1vQHRlY2hzaG9wLmNvbSIsIm5hbWUiOiJEZW1vIFVzZXIiLCJpYXQiOjE3ODA1NTQ4MzEsImV4cCI6MTc4MDU1ODQzMX0.Txd_esoTneXBm2K3sv6_eCpYBuJ_c8uBRKru_gto4vg'} 
 body=None 
 </msg>
<msg time="2026-06-04T08:33:51.663153" level="INFO">GET Response : url=http://localhost:3000/cart 
 status=200, reason=OK 
 headers={'X-Powered-By': 'Express', 'Access-Control-Allow-Origin': '*', 'Content-Type': 'application/json; charset=utf-8', 'Content-Length': '209', 'ETag': 'W/"d1-lEXDkUnmZwVJ7BVYp5DTLhQgy5U"', 'Date': 'Thu, 04 Jun 2026 06:33:51 GMT', 'Connection': 'keep-alive', 'Keep-Alive': 'timeout=5'} 
 body={"items":[{"id":1780554826057,"productId":1,"name":"Laptop Pro 15\"","price":1299.99,"quantity":13},{"id":1780554831661,"productId":2,"name":"Wireless Headphones","price":89.99,"quantity":3}],"total":17169.84} 
 </msg>
<msg time="2026-06-04T08:33:51.663208" level="INFO">${cart_resp} = &lt;Response [200]&gt;</msg>
<var>${cart_resp}</var>
<arg>techshop</arg>
<arg>/cart</arg>
<arg>headers=${headers}</arg>
<doc>Sends a GET request on a previously created HTTP Session.</doc>
<status status="PASS" start="2026-06-04T08:33:51.662003" elapsed="0.001219"/>
</kw>
<kw name="Status Should Be" owner="RequestsLibrary">
<arg>200</arg>
<arg>${cart_resp}</arg>
<doc>Fails if response status code is different than the expected.</doc>
<status status="PASS" start="2026-06-04T08:33:51.663291" elapsed="0.000097"/>
</kw>
<kw name="Get From Dictionary" owner="Collections">
<msg time="2026-06-04T08:33:51.663728" level="INFO">${items} = [{'id': 1780554826057, 'productId': 1, 'name': 'Laptop Pro 15"', 'price': 1299.99, 'quantity': 13}, {'id': 1780554831661, 'productId': 2, 'name': 'Wireless Headphones', 'price': 89.99, 'quantity': 3}]</msg>
<var>${items}</var>
<arg>${cart_resp.json()}</arg>
<arg>items</arg>
<doc>Returns a value from the given ``dictionary`` based on the given ``key``.</doc>
<status status="PASS" start="2026-06-04T08:33:51.663447" elapsed="0.000296"/>
</kw>
<kw name="Should Not Be Empty" owner="BuiltIn">
<msg time="2026-06-04T08:33:51.663950" level="INFO">Length is 2.</msg>
<arg>${items}</arg>
<doc>Verifies that the given item is not empty.</doc>
<status status="PASS" start="2026-06-04T08:33:51.663802" elapsed="0.000171"/>
</kw>
<kw name="Set Variable" owner="BuiltIn">
<msg time="2026-06-04T08:33:51.664175" level="INFO">${found} = False</msg>
<var>${found}</var>
<arg>${FALSE}</arg>
<doc>Returns the given values which can then be assigned to a variables.</doc>
<status status="PASS" start="2026-06-04T08:33:51.664034" elapsed="0.000155"/>
</kw>
<for flavor="IN">
<iter>
<kw name="Get From Dictionary" owner="Collections">
<msg time="2026-06-04T08:33:51.664434" level="INFO">${pid} = 1</msg>
<var>${pid}</var>
<arg>${item}</arg>
<arg>productId</arg>
<doc>Returns a value from the given ``dictionary`` based on the given ``key``.</doc>
<status status="PASS" start="2026-06-04T08:33:51.664341" elapsed="0.000106"/>
</kw>
<kw name="Run Keyword If" owner="BuiltIn">
<arg>${pid} == 2</arg>
<arg>Set Test Variable</arg>
<arg>${found}</arg>
<arg>${TRUE}</arg>
<doc>Runs the given keyword with the given arguments, if ``condition`` is true.</doc>
<status status="PASS" start="2026-06-04T08:33:51.664512" elapsed="0.000177"/>
</kw>
<var name="${item}">{'id': 1780554826057, 'productId': 1, 'name': 'Laptop Pro 15"', 'price': 1299.99, 'quantity': 13}</var>
<status status="PASS" start="2026-06-04T08:33:51.664296" elapsed="0.000418"/>
</iter>
<iter>
<kw name="Get From Dictionary" owner="Collections">
<msg time="2026-06-04T08:33:51.664935" level="INFO">${pid} = 2</msg>
<var>${pid}</var>
<arg>${item}</arg>
<arg>productId</arg>
<doc>Returns a value from the given ``dictionary`` based on the given ``key``.</doc>
<status status="PASS" start="2026-06-04T08:33:51.664822" elapsed="0.000130"/>
</kw>
<kw name="Run Keyword If" owner="BuiltIn">
<kw name="Set Test Variable" owner="BuiltIn">
<msg time="2026-06-04T08:33:51.665392" level="INFO">${found} = True</msg>
<arg>${found}</arg>
<arg>${TRUE}</arg>
<doc>Makes a variable available everywhere within the scope of the current test.</doc>
<status status="PASS" start="2026-06-04T08:33:51.665217" elapsed="0.000197"/>
</kw>
<arg>${pid} == 2</arg>
<arg>Set Test Variable</arg>
<arg>${found}</arg>
<arg>${TRUE}</arg>
<doc>Runs the given keyword with the given arguments, if ``condition`` is true.</doc>
<status status="PASS" start="2026-06-04T08:33:51.665013" elapsed="0.000427"/>
</kw>
<var name="${item}">{'id': 1780554831661, 'productId': 2, 'name': 'Wireless Headphones', 'price': 89.99, 'quantity': 3}</var>
<status status="PASS" start="2026-06-04T08:33:51.664769" elapsed="0.000697"/>
</iter>
<var>${item}</var>
<value>@{items}</value>
<status status="PASS" start="2026-06-04T08:33:51.664220" elapsed="0.001261"/>
</for>
<kw name="Should Be True" owner="BuiltIn">
<arg>${found}</arg>
<arg>msg=productId 2 was not found in cart after adding it</arg>
<doc>Fails if the given condition is not true.</doc>
<status status="PASS" start="2026-06-04T08:33:51.665538" elapsed="0.000149"/>
</kw>
<doc>After POST /cart, a subsequent GET /cart must show the new line item.</doc>
<tag>auth-required</tag>
<tag>cart</tag>
<tag>happy-path</tag>
<status status="PASS" start="2026-06-04T08:33:51.656931" elapsed="0.008815"/>
</test>
<test id="s1-t24" name="Add Item To Cart Without Auth Returns 401" line="238">
<kw name="Create Dictionary" owner="BuiltIn">
[...]
 body={"error":"Invalid email format"} 
 </msg>
<msg time="2026-06-04T08:33:51.888896" level="INFO">${response} = &lt;Response [400]&gt;</msg>
<var>${response}</var>
<arg>techshop</arg>
<arg>/orders</arg>
<arg>headers=${headers}</arg>
<arg>json=${body}</arg>
<arg>expected_status=any</arg>
<doc>Sends a POST request on a previously created HTTP Session.</doc>
<status status="PASS" start="2026-06-04T08:33:51.887718" elapsed="0.001192"/>
</kw>
<kw name="Status Should Be" owner="RequestsLibrary">
<arg>400</arg>
<arg>${response}</arg>
<doc>Fails if response status code is different than the expected.</doc>
<status status="PASS" start="2026-06-04T08:33:51.888978" elapsed="0.000091"/>
</kw>
<tag>auth-required</tag>
<tag>negative</tag>
<tag>orders</tag>
<status status="PASS" start="2026-06-04T08:33:51.883175" elapsed="0.005952"/>
</test>
<test id="s1-t63" name="Place Order With Zero Item Quantity Returns 400" line="774">
<kw name="Get Auth Token" owner="techshop_keywords">
<kw name="Create Dictionary" owner="BuiltIn">
<msg time="2026-06-04T08:33:51.889798" level="INFO">${body} = {'email': 'demo@techshop.com', 'password': 'password123'}</msg>
<var>${body}</var>
<arg>email=${EMAIL}</arg>
<arg>password=${PASSWORD}</arg>
<doc>Creates and returns a dictionary based on the given ``items``.</doc>
<status status="PASS" start="2026-06-04T08:33:51.889596" elapsed="0.000216"/>
</kw>
<kw name="POST On Session" owner="RequestsLibrary">
<msg time="2026-06-04T08:33:51.890897" level="INFO">POST Request : url=http://localhost:3000/auth/login 
 path_url=/auth/login 
 headers={'User-Agent': 'python-requests/2.32.5', 'Accept-Encoding': 'gzip, deflate', 'Accept': '*/*', 'Connection': 'keep-alive', 'Content-Length': '57', 'Content-Type': 'application/json'} 
 body=b'{"email": "demo@techshop.com", "password": "password123"}' 
 </msg>
<msg time="2026-06-04T08:33:51.890927" level="INFO">POST Response : url=http://localhost:3000/auth/login 
 status=200, reason=OK 
 headers={'X-Powered-By': 'Express', 'Access-Control-Allow-Origin': '*', 'Content-Type': 'application/json; charset=utf-8', 'Content-Length': '275', 'ETag': 'W/"113-lbM8zXyFBbtH10wEE4RTxAY+eaY"', 'Date': 'Thu, 04 Jun 2026 06:33:51 GMT', 'Connection': 'keep-alive', 'Keep-Alive': 'timeout=5'} 
 body={"token":"eyJhbGciOiJIUzI1NiIsInR5cCI6IkpXVCJ9.eyJpZCI6MSwiZW1haWwiOiJkZW1vQHRlY2hzaG9wLmNvbSIsIm5hbWUiOiJEZW1vIFVzZXIiLCJpYXQiOjE3ODA1NTQ4MzEsImV4cCI6MTc4MDU1ODQzMX0.Txd_esoTneXBm2K3sv6_eCpYBuJ_c8uBRKru_gto4vg","user":{"id":1,"email":"demo@techshop.com","name":"Demo User"}} 
 </msg>
<msg time="2026-06-04T08:33:51.890977" level="INFO">${response} = &lt;Response [200]&gt;</msg>
<var>${response}</var>
<arg>techshop</arg>
<arg>/auth/login</arg>
<arg>json=${body}</arg>
<doc>Sends a POST request on a previously created HTTP Session.</doc>
<status status="PASS" start="2026-06-04T08:33:51.889870" elapsed="0.001121"/>
</kw>
<kw name="Status Should Be" owner="RequestsLibrary">
<arg>200</arg>
<arg>${response}</arg>
<doc>Fails if response status code is different than the expected.</doc>
<status status="PASS" start="2026-06-04T08:33:51.891053" elapsed="0.000089"/>
</kw>
<kw name="Get From Dictionary" owner="Collections">
<msg time="2026-06-04T08:33:51.891452" level="INFO">${token} = eyJhbGciOiJIUzI1NiIsInR5cCI6IkpXVCJ9.eyJpZCI6MSwiZW1haWwiOiJkZW1vQHRlY2hzaG9wLmNvbSIsIm5hbWUiOiJEZW1vIFVzZXIiLCJpYXQiOjE3ODA1NTQ4MzEsImV4cCI6MTc4MDU1ODQzMX0.Txd_esoTneXBm2K3sv6_eCpYBuJ_c8uBRKru_gto4vg</msg>
<var>${token}</var>
<arg>${response.json()}</arg>
<arg>token</arg>
<doc>Returns a value from the given ``dictionary`` based on the given ``key``.</doc>
<status status="PASS" start="2026-06-04T08:33:51.891202" elapsed="0.000264"/>
</kw>
<return>
<value>${token}</value>
<status status="PASS" start="2026-06-04T08:33:51.891491" elapsed="0.000015"/>
</return>
<msg time="2026-06-04T08:33:51.891568" level="INFO">${token} = eyJhbGciOiJIUzI1NiIsInR5cCI6IkpXVCJ9.eyJpZCI6MSwiZW1haWwiOiJkZW1vQHRlY2hzaG9wLmNvbSIsIm5hbWUiOiJEZW1vIFVzZXIiLCJpYXQiOjE3ODA1NTQ4MzEsImV4cCI6MTc4MDU1ODQzMX0.Txd_esoTneXBm2K3sv6_eCpYBuJ_c8uBRKru_gto4vg</msg>
<var>${token}</var>
<doc>Logs in with the configured credentials and returns the JWT token.</doc>
<status status="PASS" start="2026-06-04T08:33:51.889471" elapsed="0.002109"/>
</kw>
<kw name="Auth Header" owner="techshop_keywords">
<kw name="Create Dictionary" owner="BuiltIn">
<msg time="2026-06-04T08:33:51.891972" level="INFO">${headers} = {'Authorization': 'Bearer eyJhbGciOiJIUzI1NiIsInR5cCI6IkpXVCJ9.eyJpZCI6MSwiZW1haWwiOiJkZW1vQHRlY2hzaG9wLmNvbSIsIm5hbWUiOiJEZW1vIFVzZXIiLCJpYXQiOjE3ODA1NTQ4MzEsImV4cCI6MTc4MDU1ODQzMX0.Txd_esoTneXBm2K3s...</msg>
<var>${headers}</var>
<arg>Authorization=Bearer ${token}</arg>
<doc>Creates and returns a dictionary based on the given ``items``.</doc>
<status status="PASS" start="2026-06-04T08:33:51.891797" elapsed="0.000189"/>
</kw>
<return>
<value>${headers}</value>
<status status="PASS" start="2026-06-04T08:33:51.892010" elapsed="0.000013"/>
</return>
<msg time="2026-06-04T08:33:51.892085" level="INFO">${headers} = {'Authorization': 'Bearer eyJhbGciOiJIUzI1NiIsInR5cCI6IkpXVCJ9.eyJpZCI6MSwiZW1haWwiOiJkZW1vQHRlY2hzaG9wLmNvbSIsIm5hbWUiOiJEZW1vIFVzZXIiLCJpYXQiOjE3ODA1NTQ4MzEsImV4cCI6MTc4MDU1ODQzMX0.Txd_esoTneXBm2K3s...</msg>
<var>${headers}</var>
<arg>${token}</arg>
<doc>Returns an Authorization header dict for the given token.</doc>
<status status="PASS" start="2026-06-04T08:33:51.891657" elapsed="0.000442"/>
</kw>
<kw name="Create Dictionary" owner="BuiltIn">
<msg time="2026-06-04T08:33:51.893362" level="INFO">${item} = {'productId': 1, 'quantity': 0}</msg>
<var>${item}</var>
<arg>productId=${1}</arg>
<arg>quantity=${0}</arg>
<doc>Creates and returns a dictionary based on the given ``items``.</doc>
<status status="PASS" start="2026-06-04T08:33:51.892156" elapsed="0.001220"/>
</kw>
<kw name="Create List" owner="BuiltIn">
<msg time="2026-06-04T08:33:51.893573" level="INFO">${items} = [{'productId': 1, 'quantity': 0}]</msg>
<var>${items}</var>
<arg>${item}</arg>
<doc>Returns a list containing given items.</doc>
<status status="PASS" start="2026-06-04T08:33:51.893433" elapsed="0.000153"/>
</kw>
<kw name="Create Dictionary" owner="BuiltIn">
<msg time="2026-06-04T08:33:51.893800" level="INFO">${shipping} = {'firstName': 'Jane', 'lastName': 'Doe', 'email': 'jane@example.com', 'phone': '0412345678'}</msg>
<var>${shipping}</var>
<arg>firstName=Jane</arg>
<arg>lastName=Doe</arg>
<arg>email=jane@example.com</arg>
<arg>phone=0412345678</arg>
<doc>Creates and returns a dictionary based on the given ``items``.</doc>
<status status="PASS" start="2026-06-04T08:33:51.893643" elapsed="0.000171"/>
</kw>
<kw name="Create Dictionary" owner="BuiltIn">
<msg time="2026-06-04T08:33:51.894024" level="INFO">${payment} = {'cardNumber': '4111111111111111', 'expiryDate': '12/28', 'cvv': '123'}</msg>
<var>${payment}</var>
<arg>cardNumber=4111111111111111</arg>
<arg>expiryDate=12/28</arg>
<arg>cvv=123</arg>
<doc>Creates and returns a dictionary based on the given ``items``.</doc>
<status status="PASS" start="2026-06-04T08:33:51.893876" elapsed="0.000161"/>
</kw>
<kw name="Create Dictionary" owner="BuiltIn">
<msg time="2026-06-04T08:33:51.894355" level="INFO">${body} = {'items': [{'productId': 1, 'quantity': 0}], 'shipping': {'firstName': 'Jane', 'lastName': 'Doe', 'email': 'jane@example.com', 'phone': '0412345678'}, 'payment': {'cardNumber': '4111111111111111', 'ex...</msg>
<var>${body}</var>
<arg>items=${items}</arg>
<arg>shipping=${shipping}</arg>
<arg>payment=${payment}</arg>
<doc>Creates and returns a dictionary based on the given ``items``.</doc>
<status status="PASS" start="2026-06-04T08:33:51.894097" elapsed="0.000272"/>
</kw>
<kw name="POST On Session" owner="RequestsLibrary">
<msg time="2026-06-04T08:33:51.895515" level="INFO">POST Request : url=http://localhost:3000/orders 
 path_url=/orders 
 headers={'User-Agent': 'python-requests/2.32.5', 'Accept-Encoding': 'gzip, deflate', 'Accept': '*/*', 'Connection': 'keep-alive', 'Authorization': 'Bearer eyJhbGciOiJIUzI1NiIsInR5cCI6IkpXVCJ9.eyJpZCI6MSwiZW1haWwiOiJkZW1vQHRlY2hzaG9wLmNvbSIsIm5hbWUiOiJEZW1vIFVzZXIiLCJpYXQiOjE3ODA1NTQ4MzEsImV4cCI6MTc4MDU1ODQzMX0.Txd_esoTneXBm2K3sv6_eCpYBuJ_c8uBRKru_gto4vg', 'Content-Length': '234', 'Content-Type': 'application/json'} 
 body=b'{"items": [{"productId": 1, "quantity": 0}], "shipping": {"firstName": "Jane", "lastName": "Doe", "email": "jane@example.com", "phone": "0412345678"}, "payment": {"cardNumber": "4111111111111111", "expiryDate": "12/28", "cvv": "123"}}' 
 </msg>
<msg time="2026-06-04T08:33:51.895546" level="INFO">POST Response : url=http://localhost:3000/orders 
 status=400, reason=Bad Request 
 headers={'X-Powered-By': 'Express', 'Access-Control-Allow-Origin': '*', 'Content-Type': 'application/json; charset=utf-8', 'Content-Length': '53', 'ETag': 'W/"35-et6lmtSGkTBg4Lc9l8nIVPdGXlE"', 'Date': 'Thu, 04 Jun 2026 06:33:51 GMT', 'Connection': 'keep-alive', 'Keep-Alive': 'timeout=5'} 
 body={"error":"quantity must be an integer of at least 1"} 
 </msg>
<msg time="2026-06-04T08:33:51.895593" level="INFO">${response} = &lt;Response [400]&gt;</msg>
<var>${response}</var>
<arg>techshop</arg>
<arg>/orders</arg>
<arg>headers=${headers}</arg>
<arg>json=${body}</arg>
<arg>expected_status=any</arg>
<doc>Sends a POST request on a previously created HTTP Session.</doc>
<status status="PASS" start="2026-06-04T08:33:51.894427" elapsed="0.001179"/>
</kw>
<kw name="Status Should Be" owner="RequestsLibrary">
<arg>400</arg>
<arg>${response}</arg>
<doc>Fails if response status code is different than the expected.</doc>
<status status="PASS" start="2026-06-04T08:33:51.895670" elapsed="0.000087"/>
</kw>
<tag>auth-required</tag>
<tag>negative</tag>
<tag>orders</tag>
<status status="PASS" start="2026-06-04T08:33:51.889232" elapsed="0.006581"/>
</test>
<test id="s1-t64" name="Place Order With Non Existent ProductId Returns 400" line="789">
<kw name="Get Auth Token" owner="techshop_keywords">
<kw name="Create Dictionary" owner="BuiltIn">
<msg time="2026-06-04T08:33:51.896475" level="INFO">${body} = {'email': 'demo@techshop.com', 'password': 'password123'}</msg>
<var>${body}</var>
<arg>email=${EMAIL}</arg>
<arg>password=${PASSWORD}</arg>
<doc>Creates and returns a dictionary based on the given ``items``.</doc>
<status status="PASS" start="2026-06-04T08:33:51.896280" elapsed="0.000209"/>
</kw>
<kw name="POST On Session" owner="RequestsLibrary">
<msg time="2026-06-04T08:33:51.897722" level="INFO">POST Request : url=http://localhost:3000/auth/login 
 path_url=/auth/login 
 headers={'User-Agent': 'python-requests/2.32.5', 'Accept-Encoding': 'gzip, deflate', 'Accept': '*/*', 'Connection': 'keep-alive', 'Content-Length': '57', 'Content-Type': 'application/json'} 
 body=b'{"email": "demo@techshop.com", "password": "password123"}' 
 </msg>
<msg time="2026-06-04T08:33:51.897753" level="INFO">POST Response : url=http://localhost:3000/auth/login 
 status=200, reason=OK 
 headers={'X-Powered-By': 'Express', 'Access-Control-Allow-Origin': '*', 'Content-Type': 'application/json; charset=utf-8', 'Content-Length': '275', 'ETag': 'W/"113-lbM8zXyFBbtH10wEE4RTxAY+eaY"', 'Date': 'Thu, 04 Jun 2026 06:33:51 GMT', 'Connection': 'keep-alive', 'Keep-Alive': 'timeout=5'} 
 body={"token":"eyJhbGciOiJIUzI1NiIsInR5cCI6IkpXVCJ9.eyJpZCI6MSwiZW1haWwiOiJkZW1vQHRlY2hzaG9wLmNvbSIsIm5hbWUiOiJEZW1vIFVzZXIiLCJpYXQiOjE3ODA1NTQ4MzEsImV4cCI6MTc4MDU1ODQzMX0.Txd_esoTneXBm2K3sv6_eCpYBuJ_c8uBRKru_gto4vg","user":{"id":1,"email":"demo@techshop.com","name":"Demo User"}} 
 </msg>
<msg time="2026-06-04T08:33:51.897807" level="INFO">${response} = &lt;Response [200]&gt;</msg>
<var>${response}</var>
<arg>techshop</arg>
<arg>/auth/login</arg>
<arg>json=${body}</arg>
<doc>Sends a POST request on a previously created HTTP Session.</doc>
<status status="PASS" start="2026-06-04T08:33:51.896544" elapsed="0.001276"/>
</kw>
<kw name="Status Should Be" owner="RequestsLibrary">
<arg>200</arg>
<arg>${response}</arg>
<doc>Fails if response status code is different than the expected.</doc>
<status status="PASS" start="2026-06-04T08:33:51.897884" elapsed="0.000093"/>
</kw>
<kw name="Get From Dictionary" owner="Collections">
<msg time="2026-06-04T08:33:51.898286" level="INFO">${token} = eyJhbGciOiJIUzI1NiIsInR5cCI6IkpXVCJ9.eyJpZCI6MSwiZW1haWwiOiJkZW1vQHRlY2hzaG9wLmNvbSIsIm5hbWUiOiJEZW1vIFVzZXIiLCJpYXQiOjE3ODA1NTQ4MzEsImV4cCI6MTc4MDU1ODQzMX0.Txd_esoTneXBm2K3sv6_eCpYBuJ_c8uBRKru_gto4vg</msg>
<var>${token}</var>
<arg>${response.json()}</arg>
<arg>token</arg>
<doc>Returns a value from the given ``dictionary`` based on the given ``key``.</doc>
<status status="PASS" start="2026-06-04T08:33:51.898034" elapsed="0.000267"/>
</kw>
<return>
<value>${token}</value>
<status status="PASS" start="2026-06-04T08:33:51.898327" elapsed="0.000014"/>
</return>
<msg time="2026-06-04T08:33:51.898404" level="INFO">${token} = eyJhbGciOiJIUzI1NiIsInR5cCI6IkpXVCJ9.eyJpZCI6MSwiZW1haWwiOiJkZW1vQHRlY2hzaG9wLmNvbSIsIm5hbWUiOiJEZW1vIFVzZXIiLCJpYXQiOjE3ODA1NTQ4MzEsImV4cCI6MTc4MDU1ODQzMX0.Txd_esoTneXBm2K3sv6_eCpYBuJ_c8uBRKru_gto4vg</msg>
<var>${token}</var>
<doc>Logs in with the configured credentials and returns the JWT token.</doc>
<status status="PASS" start="2026-06-04T08:33:51.896162" elapsed="0.002254"/>
</kw>
<kw name="Auth Header" owner="techshop_keywords">
<kw name="Create Dictionary" owner="BuiltIn">
<msg time="2026-06-04T08:33:51.898814" level="INFO">${headers} = {'Authorization': 'Bearer eyJhbGciOiJIUzI1NiIsInR5cCI6IkpXVCJ9.eyJpZCI6MSwiZW1haWwiOiJkZW1vQHRlY2hzaG9wLmNvbSIsIm5hbWUiOiJEZW1vIFVzZXIiLCJpYXQiOjE3ODA1NTQ4MzEsImV4cCI6MTc4MDU1ODQzMX0.Txd_esoTneXBm2K3s...</msg>
<var>${headers}</var>
<arg>Authorization=Bearer ${token}</arg>
<doc>Creates and returns a dictionary based on the given ``items``.</doc>
<status status="PASS" start="2026-06-04T08:33:51.898637" elapsed="0.000191"/>
</kw>
<return>
<value>${headers}</value>
<status status="PASS" start="2026-06-04T08:33:51.898887" elapsed="0.000014"/>
</return>
<msg time="2026-06-04T08:33:51.898963" level="INFO">${headers} = {'Authorization': 'Bearer eyJhbGciOiJIUzI1NiIsInR5cCI6IkpXVCJ9.eyJpZCI6MSwiZW1haWwiOiJkZW1vQHRlY2hzaG9wLmNvbSIsIm5hbWUiOiJEZW1vIFVzZXIiLCJpYXQiOjE3ODA1NTQ4MzEsImV4cCI6MTc4MDU1ODQzMX0.Txd_esoTneXBm2K3s...</msg>
<var>${headers}</var>
<arg>${token}</arg>
<doc>Returns an Authorization header dict for the given token.</doc>
<status status="PASS" start="2026-06-04T08:33:51.898493" elapsed="0.000483"/>
</kw>
<kw name="Create Dictionary" owner="BuiltIn">
<msg time="2026-06-04T08:33:51.899471" level="INFO">${item} = {'productId': 99999, 'quantity': 1}</msg>
<var>${item}</var>
<arg>productId=${99999}</arg>
<arg>quantity=${1}</arg>
<doc>Creates and returns a dictionary based on the given ``items``.</doc>
<status status="PASS" start="2026-06-04T08:33:51.899034" elapsed="0.000450"/>
</kw>
<kw name="Create List" owner="BuiltIn">
<msg time="2026-06-04T08:33:51.899684" level="INFO">${items} = [{'productId': 99999, 'quantity': 1}]</msg>
<var>${items}</var>
<arg>${item}</arg>
<doc>Returns a list containing given items.</doc>
<status status="PASS" start="2026-06-04T08:33:51.899549" elapsed="0.000148"/>
</kw>
<kw name="Create Dictionary" owner="BuiltIn">
<msg time="2026-06-04T08:33:51.899912" level="INFO">${shipping} = {'firstName': 'Jane', 'lastName': 'Doe', 'email': 'jane@example.com', 'phone': '0412345678'}</msg>
<var>${shipping}</var>
<arg>firstName=Jane</arg>
<arg>lastName=Doe</arg>
<arg>email=jane@example.com</arg>
<arg>phone=0412345678</arg>
<doc>Creates and returns a dictionary based on the given ``items``.</doc>
<status status="PASS" start="2026-06-04T08:33:51.899755" elapsed="0.000171"/>
</kw>
<kw name="Create Dictionary" owner="BuiltIn">
<msg time="2026-06-04T08:33:51.900140" level="INFO">${payment} = {'cardNumber': '4111111111111111', 'expiryDate': '12/28', 'cvv': '123'}</msg>
<var>${payment}</var>
<arg>cardNumber=4111111111111111</arg>
<arg>expiryDate=12/28</arg>
<arg>cvv=123</arg>
<doc>Creates and returns a dictionary based on the given ``items``.</doc>
<status status="PASS" start="2026-06-04T08:33:51.899993" elapsed="0.000160"/>
</kw>
<kw name="Create Dictionary" owner="BuiltIn">
<msg time="2026-06-04T08:33:51.900422" level="INFO">${body} = {'items': [{'productId': 99999, 'quantity': 1}], 'shipping': {'firstName': 'Jane', 'lastName': 'Doe', 'email': 'jane@example.com', 'phone': '0412345678'}, 'payment': {'cardNumber': '4111111111111111',...</msg>
<var>${body}</var>
<arg>items=${items}</arg>
<arg>shipping=${shipping}</arg>
<arg>payment=${payment}</arg>
<doc>Creates and returns a dictionary based on the given ``items``.</doc>
<status status="PASS" start="2026-06-04T08:33:51.900213" elapsed="0.000223"/>
</kw>
<kw name="POST On Session" owner="RequestsLibrary">
<msg time="2026-06-04T08:33:51.901664" level="INFO">POST Request : url=http://localhost:3000/orders 
 path_url=/orders 
 headers={'User-Agent': 'python-requests/2.32.5', 'Accept-Encoding': 'gzip, deflate', 'Accept': '*/*', 'Connection': 'keep-alive', 'Authorization': 'Bearer eyJhbGciOiJIUzI1NiIsInR5cCI6IkpXVCJ9.eyJpZCI6MSwiZW1haWwiOiJkZW1vQHRlY2hzaG9wLmNvbSIsIm5hbWUiOiJEZW1vIFVzZXIiLCJpYXQiOjE3ODA1NTQ4MzEsImV4cCI6MTc4MDU1ODQzMX0.Txd_esoTneXBm2K3sv6_eCpYBuJ_c8uBRKru_gto4vg', 'Content-Length': '238', 'Content-Type': 'application/json'} 
 body=b'{"items": [{"productId": 99999, "quantity": 1}], "shipping": {"firstName": "Jane", "lastName": "Doe", "email": "jane@example.com", "phone": "0412345678"}, "payment": {"cardNumber": "4111111111111111", "expiryDate": "12/28", "cvv": "123"}}' 
 </msg>
<msg time="2026-06-04T08:33:51.901697" level="INFO">POST Response : url=http://localhost:3000/orders 
 status=400, reason=Bad Request 
 headers={'X-Powered-By': 'Express', 'Access-Control-Allow-Origin': '*', 'Content-Type': 'application/json; charset=utf-8', 'Content-Length': '43', 'ETag': 'W/"2b-1RFIWl6a5Hg0huC2wtZjXTwiojg"', 'Date': 'Thu, 04 Jun 2026 06:33:51 GMT', 'Connection': 'keep-alive', 'Keep-Alive': 'timeout=5'} 
 body={"error":"Product with ID 99999 not found"} 
 </msg>
<msg time="2026-06-04T08:33:51.901746" level="INFO">${response} = &lt;Response [400]&gt;</msg>
<var>${response}</var>
<arg>techshop</arg>
<arg>/orders</arg>
<arg>headers=${headers}</arg>
<arg>json=${body}</arg>
<arg>expected_status=any</arg>
<doc>Sends a POST request on a previously created HTTP Session.</doc>
<status status="PASS" start="2026-06-04T08:33:51.900494" elapsed="0.001265"/>
</kw>
<kw name="Status Should Be" owner="RequestsLibrary">
<arg>400</arg>
<arg>${response}</arg>
<doc>Fails if response status code is different than the expected.</doc>
<status status="PASS" start="2026-06-04T08:33:51.901827" elapsed="0.000090"/>
</kw>
<tag>auth-required</tag>
<tag>negative</tag>
<tag>orders</tag>
<status status="PASS" start="2026-06-04T08:33:51.895926" elapsed="0.006056"/>
</test>
<kw name="Delete All Sessions" owner="RequestsLibrary" type="TEARDOWN">
<msg time="2026-06-04T08:33:51.902399" level="INFO">Deleting All Sessions</msg>
<doc>Removes all the session objects</doc>
<status status="PASS" start="2026-06-04T08:33:51.902358" elapsed="0.000074"/>
</kw>
<status status="PASS" start="2026-06-04T08:33:51.518140" elapsed="0.384309"/>
</suite>
<statistics>
<total>
<stat pass="64" fail="0" skip="0">All Tests</stat>
</total>
<tag>
<stat pass="6" fail="0" skip="0">auth</stat>
<stat pass="48" fail="0" skip="0">auth-required</stat>
<stat pass="24" fail="0" skip="0">cart</stat>
<stat pass="12" fail="0" skip="0">happy-path</stat>
<stat pass="52" fail="0" skip="0">negative</stat>
<stat pass="24" fail="0" skip="0">orders</stat>
<stat pass="10" fail="0" skip="0">products</stat>
</tag>
<suite>
<stat name="Techshop" id="s1" pass="64" fail="0" skip="0">Techshop</stat>
</suite>
</statistics>
<errors>
</errors>
</robot>
